TN:
SF:src/api/meal.routes.js
FN:12,(anonymous_0)
FN:31,(anonymous_1)
FN:107,(anonymous_2)
FN:132,(anonymous_3)
FN:134,(anonymous_4)
FNF:5
FNH:0
FNDA:0,(anonymous_0)
FNDA:0,(anonymous_1)
FNDA:0,(anonymous_2)
FNDA:0,(anonymous_3)
FNDA:0,(anonymous_4)
DA:1,0
DA:2,0
DA:3,0
DA:5,0
DA:8,0
DA:13,0
DA:14,0
DA:16,0
DA:31,0
DA:32,0
DA:36,0
DA:37,0
DA:40,0
DA:41,0
DA:42,0
DA:45,0
DA:52,0
DA:53,0
DA:59,0
DA:62,0
DA:65,0
DA:75,0
DA:78,0
DA:79,0
DA:86,0
DA:87,0
DA:95,0
DA:107,0
DA:108,0
DA:109,0
DA:111,0
DA:121,0
DA:132,0
DA:133,0
DA:134,0
DA:139,0
DA:147,0
DA:154,0
LF:38
LH:0
BRDA:13,0,0,0
BRDA:13,0,1,0
BRDA:36,1,0,0
BRDA:36,1,1,0
BRDA:40,2,0,0
BRDA:40,2,1,0
BRDA:52,3,0,0
BRDA:52,3,1,0
BRDA:78,4,0,0
BRDA:78,4,1,0
BRDA:86,5,0,0
BRDA:86,5,1,0
BRF:12
BRH:0
end_of_record
TN:
SF:src/api/analytics/analytics.routes.js
FN:23,(anonymous_0)
FN:43,(anonymous_1)
FN:66,(anonymous_2)
FN:95,(anonymous_3)
FN:115,(anonymous_4)
FN:159,(anonymous_5)
FN:193,(anonymous_6)
FNF:7
FNH:0
FNDA:0,(anonymous_0)
FNDA:0,(anonymous_1)
FNDA:0,(anonymous_2)
FNDA:0,(anonymous_3)
FNDA:0,(anonymous_4)
FNDA:0,(anonymous_5)
FNDA:0,(anonymous_6)
DA:1,0
DA:2,0
DA:3,0
DA:4,0
DA:5,0
DA:6,0
DA:17,0
DA:23,0
DA:24,0
DA:25,0
DA:26,0
DA:31,0
DA:32,0
DA:43,0
DA:44,0
DA:45,0
DA:46,0
DA:48,0
DA:54,0
DA:55,0
DA:66,0
DA:67,0
DA:68,0
DA:69,0
DA:71,0
DA:72,0
DA:78,0
DA:83,0
DA:84,0
DA:95,0
DA:96,0
DA:97,0
DA:98,0
DA:103,0
DA:104,0
DA:115,0
DA:116,0
DA:117,0
DA:119,0
DA:120,0
DA:122,0
DA:123,0
DA:126,0
DA:127,0
DA:130,0
DA:138,0
DA:147,0
DA:148,0
DA:159,0
DA:160,0
DA:161,0
DA:163,0
DA:164,0
DA:170,0
DA:176,0
DA:181,0
DA:182,0
DA:193,0
DA:194,0
DA:195,0
DA:210,0
DA:215,0
DA:222,0
LF:63
LH:0
BRDA:45,0,0,0
BRDA:45,0,1,0
BRDA:68,1,0,0
BRDA:68,1,1,0
BRDA:71,2,0,0
BRDA:71,2,1,0
BRDA:117,3,0,0
BRDA:117,4,0,0
BRDA:122,5,0,0
BRDA:122,5,1,0
BRDA:122,6,0,0
BRDA:122,6,1,0
BRDA:126,7,0,0
BRDA:126,7,1,0
BRDA:126,8,0,0
BRDA:126,8,1,0
BRDA:161,9,0,0
BRDA:163,10,0,0
BRDA:163,10,1,0
BRDA:163,11,0,0
BRDA:163,11,1,0
BRDA:207,12,0,0
BRDA:207,12,1,0
BRF:23
BRH:0
end_of_record
TN:
SF:src/api/backup/backup.routes.js
FN:16,(anonymous_0)
FN:36,(anonymous_1)
FN:58,(anonymous_2)
FN:94,(anonymous_3)
FN:137,(anonymous_4)
FN:172,(anonymous_5)
FN:204,(anonymous_6)
FN:246,(anonymous_7)
FN:274,(anonymous_8)
FNF:9
FNH:0
FNDA:0,(anonymous_0)
FNDA:0,(anonymous_1)
FNDA:0,(anonymous_2)
FNDA:0,(anonymous_3)
FNDA:0,(anonymous_4)
FNDA:0,(anonymous_5)
FNDA:0,(anonymous_6)
FNDA:0,(anonymous_7)
FNDA:0,(anonymous_8)
DA:1,0
DA:2,0
DA:3,0
DA:4,0
DA:5,0
DA:16,0
DA:17,0
DA:18,0
DA:19,0
DA:24,0
DA:25,0
DA:36,0
DA:37,0
DA:38,0
DA:39,0
DA:41,0
DA:46,0
DA:47,0
DA:58,0
DA:59,0
DA:60,0
DA:62,0
DA:68,0
DA:70,0
DA:71,0
DA:76,0
DA:82,0
DA:83,0
DA:94,0
DA:95,0
DA:96,0
DA:98,0
DA:99,0
DA:105,0
DA:111,0
DA:113,0
DA:114,0
DA:119,0
DA:125,0
DA:126,0
DA:137,0
DA:138,0
DA:139,0
DA:141,0
DA:146,0
DA:148,0
DA:149,0
DA:154,0
DA:160,0
DA:161,0
DA:172,0
DA:173,0
DA:174,0
DA:176,0
DA:181,0
DA:183,0
DA:192,0
DA:193,0
DA:204,0
DA:205,0
DA:206,0
DA:208,0
DA:213,0
DA:221,0
DA:222,0
DA:228,0
DA:234,0
DA:235,0
DA:246,0
DA:247,0
DA:248,0
DA:250,0
DA:255,0
DA:257,0
DA:262,0
DA:263,0
DA:274,0
DA:275,0
DA:276,0
DA:278,0
DA:283,0
DA:285,0
DA:286,0
DA:288,0
DA:294,0
DA:295,0
DA:302,0
LF:87
LH:0
BRDA:38,0,0,0
BRDA:38,0,1,0
BRDA:60,1,0,0
BRDA:70,2,0,0
BRDA:70,2,1,0
BRDA:98,3,0,0
BRDA:98,3,1,0
BRDA:113,4,0,0
BRDA:113,4,1,0
BRDA:148,5,0,0
BRDA:148,5,1,0
BRDA:174,6,0,0
BRDA:221,7,0,0
BRDA:221,7,1,0
BRDA:248,8,0,0
BRDA:285,9,0,0
BRDA:285,9,1,0
BRDA:285,10,0,0
BRDA:285,10,1,0
BRDA:286,11,0,0
BRDA:286,11,1,0
BRF:21
BRH:0
end_of_record
TN:
SF:src/api/email/email.controller.js
FN:8,(anonymous_0)
FN:39,(anonymous_1)
FN:70,(anonymous_2)
FN:89,(anonymous_3)
FN:90,(anonymous_4)
FN:91,(anonymous_5)
FN:137,(anonymous_6)
FN:197,(anonymous_7)
FN:246,(anonymous_8)
FN:281,(anonymous_9)
FN:325,(anonymous_10)
FN:360,(anonymous_11)
FN:381,(anonymous_12)
FN:426,(anonymous_13)
FNF:14
FNH:0
FNDA:0,(anonymous_0)
FNDA:0,(anonymous_1)
FNDA:0,(anonymous_2)
FNDA:0,(anonymous_3)
FNDA:0,(anonymous_4)
FNDA:0,(anonymous_5)
FNDA:0,(anonymous_6)
FNDA:0,(anonymous_7)
FNDA:0,(anonymous_8)
FNDA:0,(anonymous_9)
FNDA:0,(anonymous_10)
FNDA:0,(anonymous_11)
FNDA:0,(anonymous_12)
FNDA:0,(anonymous_13)
DA:1,0
DA:2,0
DA:3,0
DA:8,0
DA:9,0
DA:10,0
DA:12,0
DA:13,0
DA:19,0
DA:21,0
DA:28,0
DA:29,0
DA:39,0
DA:40,0
DA:41,0
DA:43,0
DA:44,0
DA:50,0
DA:52,0
DA:59,0
DA:60,0
DA:70,0
DA:71,0
DA:72,0
DA:77,0
DA:78,0
DA:89,0
DA:90,0
DA:91,0
DA:93,0
DA:94,0
DA:95,0
DA:98,0
DA:99,0
DA:100,0
DA:101,0
DA:104,0
DA:105,0
DA:106,0
DA:107,0
DA:110,0
DA:112,0
DA:122,0
DA:123,0
DA:137,0
DA:138,0
DA:139,0
DA:141,0
DA:142,0
DA:149,0
DA:150,0
DA:151,0
DA:158,0
DA:159,0
DA:160,0
DA:162,0
DA:164,0
DA:179,0
DA:186,0
DA:187,0
DA:197,0
DA:198,0
DA:199,0
DA:200,0
DA:202,0
DA:203,0
DA:209,0
DA:215,0
DA:216,0
DA:217,0
DA:224,0
DA:228,0
DA:235,0
DA:236,0
DA:246,0
DA:247,0
DA:248,0
DA:250,0
DA:251,0
DA:257,0
DA:263,0
DA:270,0
DA:271,0
DA:281,0
DA:282,0
DA:283,0
DA:285,0
DA:286,0
DA:292,0
DA:293,0
DA:299,0
DA:300,0
DA:301,0
DA:303,0
DA:304,0
DA:305,0
DA:312,0
DA:318,0
DA:319,0
DA:321,0
DA:325,0
DA:328,0
DA:333,0
DA:337,0
DA:349,0
DA:350,0
DA:360,0
DA:361,0
DA:362,0
DA:364,0
DA:370,0
DA:371,0
DA:381,0
DA:382,0
DA:384,0
DA:389,0
DA:390,0
DA:391,0
DA:393,0
DA:394,0
DA:396,0
DA:397,0
DA:398,0
DA:400,0
DA:403,0
DA:404,0
DA:414,0
DA:415,0
DA:416,0
DA:418,0
DA:419,0
DA:422,0
DA:426,0
DA:429,0
DA:430,0
DA:434,0
DA:446,0
DA:447,0
DA:454,0
LF:139
LH:0
BRDA:12,0,0,0
BRDA:12,0,1,0
BRDA:23,1,0,0
BRDA:23,1,1,0
BRDA:43,2,0,0
BRDA:43,2,1,0
BRDA:43,3,0,0
BRDA:43,3,1,0
BRDA:54,4,0,0
BRDA:54,4,1,0
BRDA:77,5,0,0
BRDA:77,5,1,0
BRDA:89,6,0,0
BRDA:89,6,1,0
BRDA:90,7,0,0
BRDA:90,7,1,0
BRDA:91,8,0,0
BRDA:91,8,1,0
BRDA:99,9,0,0
BRDA:99,9,1,0
BRDA:100,10,0,0
BRDA:100,10,1,0
BRDA:101,11,0,0
BRDA:101,11,1,0
BRDA:105,12,0,0
BRDA:105,12,1,0
BRDA:106,13,0,0
BRDA:106,13,1,0
BRDA:107,14,0,0
BRDA:107,14,1,0
BRDA:139,15,0,0
BRDA:139,15,1,0
BRDA:141,16,0,0
BRDA:141,16,1,0
BRDA:150,17,0,0
BRDA:150,17,1,0
BRDA:166,18,0,0
BRDA:166,18,1,0
BRDA:166,18,2,0
BRDA:181,19,0,0
BRDA:181,19,1,0
BRDA:202,20,0,0
BRDA:202,20,1,0
BRDA:211,21,0,0
BRDA:211,21,1,0
BRDA:215,22,0,0
BRDA:215,22,1,0
BRDA:215,23,0,0
BRDA:215,23,1,0
BRDA:230,24,0,0
BRDA:230,24,1,0
BRDA:250,25,0,0
BRDA:250,25,1,0
BRDA:250,26,0,0
BRDA:250,26,1,0
BRDA:259,27,0,0
BRDA:259,27,1,0
BRDA:265,28,0,0
BRDA:265,28,1,0
BRDA:285,29,0,0
BRDA:285,29,1,0
BRDA:285,30,0,0
BRDA:285,30,1,0
BRDA:285,30,2,0
BRDA:292,31,0,0
BRDA:292,31,1,0
BRDA:307,32,0,0
BRDA:307,32,1,0
BRDA:309,33,0,0
BRDA:309,33,1,0
BRDA:318,34,0,0
BRDA:318,34,1,0
BRDA:362,35,0,0
BRDA:362,35,1,0
BRDA:403,36,0,0
BRDA:403,36,1,0
BRDA:403,37,0,0
BRDA:403,37,1,0
BRDA:406,38,0,0
BRDA:406,38,1,0
BRDA:406,38,2,0
BRDA:414,39,0,0
BRDA:414,39,1,0
BRF:83
BRH:0
end_of_record
TN:
SF:src/api/email/email.routes.js
FNF:0
FNH:0
DA:1,0
DA:2,0
DA:12,0
DA:13,0
DA:20,0
DA:23,0
DA:26,0
DA:27,0
DA:28,0
DA:29,0
DA:32,0
DA:35,0
DA:37,0
LF:13
LH:0
BRF:0
BRH:0
end_of_record
TN:
SF:src/api/garmin/garmin.controller.FIXED.js
FN:4,(anonymous_0)
FN:22,(anonymous_1)
FN:33,(anonymous_2)
FNF:3
FNH:0
FNDA:0,(anonymous_0)
FNDA:0,(anonymous_1)
FNDA:0,(anonymous_2)
DA:1,0
DA:6,0
DA:16,0
DA:18,0
DA:19,0
DA:22,0
DA:23,0
DA:24,0
DA:25,0
DA:26,0
DA:34,0
DA:35,0
DA:37,0
DA:38,0
DA:44,0
DA:45,0
DA:48,0
DA:49,0
DA:52,0
DA:53,0
DA:55,0
DA:57,0
DA:58,0
DA:61,0
DA:62,0
DA:65,0
DA:71,0
DA:74,0
DA:95,0
DA:107,0
DA:108,0
DA:109,0
DA:112,0
DA:113,0
DA:114,0
DA:115,0
DA:117,0
DA:118,0
DA:119,0
DA:123,0
DA:124,0
DA:125,0
DA:128,0
DA:129,0
DA:130,0
DA:131,0
DA:132,0
DA:134,0
DA:135,0
DA:138,0
DA:139,0
DA:140,0
DA:144,0
DA:145,0
DA:146,0
DA:148,0
DA:149,0
DA:150,0
DA:151,0
DA:153,0
DA:154,0
DA:155,0
DA:158,0
DA:159,0
DA:160,0
DA:163,0
DA:165,0
DA:172,0
DA:175,0
DA:187,0
DA:195,0
DA:196,0
DA:208,0
LF:73
LH:0
BRDA:7,0,0,0
BRDA:7,0,1,0
BRDA:8,1,0,0
BRDA:8,1,1,0
BRDA:9,2,0,0
BRDA:9,2,1,0
BRDA:9,3,0,0
BRDA:9,3,1,0
BRDA:12,4,0,0
BRDA:12,4,1,0
BRDA:25,5,0,0
BRDA:25,5,1,0
BRDA:37,6,0,0
BRDA:37,6,1,0
BRDA:107,7,0,0
BRDA:107,7,1,0
BRDA:107,8,0,0
BRDA:107,8,1,0
BRDA:112,9,0,0
BRDA:112,9,1,0
BRDA:112,10,0,0
BRDA:112,10,1,0
BRDA:114,11,0,0
BRDA:114,11,1,0
BRDA:115,12,0,0
BRDA:115,12,1,0
BRDA:117,13,0,0
BRDA:117,13,1,0
BRDA:123,14,0,0
BRDA:123,14,1,0
BRDA:123,15,0,0
BRDA:123,15,1,0
BRDA:128,16,0,0
BRDA:128,16,1,0
BRDA:128,17,0,0
BRDA:128,17,1,0
BRDA:128,17,2,0
BRDA:130,18,0,0
BRDA:130,18,1,0
BRDA:134,19,0,0
BRDA:134,19,1,0
BRDA:138,20,0,0
BRDA:138,20,1,0
BRDA:144,21,0,0
BRDA:144,21,1,0
BRDA:144,22,0,0
BRDA:144,22,1,0
BRDA:148,23,0,0
BRDA:148,23,1,0
BRDA:148,24,0,0
BRDA:148,24,1,0
BRDA:148,24,2,0
BRDA:150,25,0,0
BRDA:150,25,1,0
BRDA:153,26,0,0
BRDA:153,26,1,0
BRDA:158,27,0,0
BRDA:158,27,1,0
BRF:58
BRH:0
end_of_record
TN:
SF:src/api/garmin/garmin.controller.js
FN:5,(anonymous_0)
FN:31,(anonymous_1)
FN:42,(anonymous_2)
FN:91,(anonymous_3)
FN:142,(anonymous_4)
FN:353,(anonymous_5)
FN:395,(anonymous_6)
FN:401,(anonymous_7)
FN:431,(anonymous_8)
FN:465,(anonymous_9)
FN:530,(anonymous_10)
FN:589,(anonymous_11)
FN:638,(anonymous_12)
FN:642,(anonymous_13)
FN:647,(anonymous_14)
FN:698,(anonymous_15)
FN:723,(anonymous_16)
FN:743,(anonymous_17)
FN:761,(anonymous_18)
FN:794,(anonymous_19)
FN:822,(anonymous_20)
FN:824,(anonymous_21)
FN:841,(anonymous_22)
FN:863,(anonymous_23)
FNF:24
FNH:0
FNDA:0,(anonymous_0)
FNDA:0,(anonymous_1)
FNDA:0,(anonymous_2)
FNDA:0,(anonymous_3)
FNDA:0,(anonymous_4)
FNDA:0,(anonymous_5)
FNDA:0,(anonymous_6)
FNDA:0,(anonymous_7)
FNDA:0,(anonymous_8)
FNDA:0,(anonymous_9)
FNDA:0,(anonymous_10)
FNDA:0,(anonymous_11)
FNDA:0,(anonymous_12)
FNDA:0,(anonymous_13)
FNDA:0,(anonymous_14)
FNDA:0,(anonymous_15)
FNDA:0,(anonymous_16)
FNDA:0,(anonymous_17)
FNDA:0,(anonymous_18)
FNDA:0,(anonymous_19)
FNDA:0,(anonymous_20)
FNDA:0,(anonymous_21)
FNDA:0,(anonymous_22)
FNDA:0,(anonymous_23)
DA:1,0
DA:2,0
DA:7,0
DA:17,0
DA:19,0
DA:20,0
DA:21,0
DA:25,0
DA:27,0
DA:28,0
DA:31,0
DA:32,0
DA:33,0
DA:34,0
DA:35,0
DA:43,0
DA:44,0
DA:45,0
DA:51,0
DA:52,0
DA:55,0
DA:56,0
DA:57,0
DA:59,0
DA:60,0
DA:63,0
DA:70,0
DA:71,0
DA:72,0
DA:73,0
DA:74,0
DA:75,0
DA:76,0
DA:77,0
DA:79,0
DA:80,0
DA:82,0
DA:85,0
DA:86,0
DA:92,0
DA:93,0
DA:94,0
DA:96,0
DA:97,0
DA:99,0
DA:100,0
DA:104,0
DA:105,0
DA:106,0
DA:107,0
DA:111,0
DA:112,0
DA:114,0
DA:115,0
DA:118,0
DA:120,0
DA:121,0
DA:123,0
DA:129,0
DA:131,0
DA:132,0
DA:136,0
DA:137,0
DA:143,0
DA:144,0
DA:145,0
DA:147,0
DA:148,0
DA:154,0
DA:155,0
DA:156,0
DA:158,0
DA:160,0
DA:162,0
DA:164,0
DA:171,0
DA:174,0
DA:176,0
DA:207,0
DA:210,0
DA:214,0
DA:221,0
DA:222,0
DA:224,0
DA:225,0
DA:226,0
DA:227,0
DA:233,0
DA:235,0
DA:236,0
DA:237,0
DA:238,0
DA:239,0
DA:241,0
DA:242,0
DA:245,0
DA:249,0
DA:250,0
DA:256,0
DA:259,0
DA:260,0
DA:261,0
DA:262,0
DA:263,0
DA:272,0
DA:273,0
DA:276,0
DA:277,0
DA:278,0
DA:280,0
DA:281,0
DA:283,0
DA:286,0
DA:287,0
DA:288,0
DA:295,0
DA:296,0
DA:297,0
DA:298,0
DA:299,0
DA:307,0
DA:308,0
DA:310,0
DA:311,0
DA:319,0
DA:320,0
DA:323,0
DA:353,0
DA:370,0
DA:377,0
DA:384,0
DA:385,0
DA:396,0
DA:397,0
DA:402,0
DA:403,0
DA:404,0
DA:406,0
DA:407,0
DA:412,0
DA:414,0
DA:423,0
DA:424,0
DA:432,0
DA:433,0
DA:434,0
DA:436,0
DA:438,0
DA:439,0
DA:445,0
DA:457,0
DA:458,0
DA:466,0
DA:468,0
DA:470,0
DA:472,0
DA:473,0
DA:474,0
DA:475,0
DA:477,0
DA:479,0
DA:513,0
DA:516,0
DA:531,0
DA:533,0
DA:534,0
DA:537,0
DA:538,0
DA:539,0
DA:540,0
DA:544,0
DA:545,0
DA:546,0
DA:547,0
DA:548,0
DA:549,0
DA:550,0
DA:552,0
DA:553,0
DA:557,0
DA:558,0
DA:559,0
DA:560,0
DA:561,0
DA:565,0
DA:566,0
DA:567,0
DA:568,0
DA:572,0
DA:573,0
DA:574,0
DA:575,0
DA:579,0
DA:580,0
DA:582,0
DA:585,0
DA:590,0
DA:592,0
DA:593,0
DA:596,0
DA:597,0
DA:598,0
DA:599,0
DA:603,0
DA:604,0
DA:605,0
DA:607,0
DA:608,0
DA:612,0
DA:613,0
DA:614,0
DA:615,0
DA:619,0
DA:620,0
DA:622,0
DA:623,0
DA:624,0
DA:628,0
DA:629,0
DA:631,0
DA:634,0
DA:639,0
DA:643,0
DA:648,0
DA:650,0
DA:651,0
DA:660,0
DA:661,0
DA:662,0
DA:663,0
DA:665,0
DA:675,0
DA:677,0
DA:678,0
DA:679,0
DA:680,0
DA:681,0
DA:682,0
DA:684,0
DA:686,0
DA:687,0
DA:688,0
DA:692,0
DA:693,0
DA:699,0
DA:700,0
DA:713,0
DA:714,0
DA:715,0
DA:717,0
DA:718,0
DA:724,0
DA:725,0
DA:726,0
DA:727,0
DA:728,0
DA:729,0
DA:732,0
DA:733,0
DA:735,0
DA:736,0
DA:744,0
DA:745,0
DA:747,0
DA:748,0
DA:751,0
DA:752,0
DA:762,0
DA:763,0
DA:765,0
DA:766,0
DA:772,0
DA:773,0
DA:775,0
DA:785,0
DA:786,0
DA:795,0
DA:796,0
DA:798,0
DA:799,0
DA:806,0
DA:813,0
DA:815,0
DA:822,0
DA:824,0
DA:832,0
DA:833,0
DA:842,0
DA:843,0
DA:845,0
DA:846,0
DA:848,0
DA:854,0
DA:855,0
DA:864,0
DA:865,0
DA:866,0
DA:868,0
DA:874,0
DA:875,0
DA:883,0
LF:301
LH:0
BRDA:10,0,0,0
BRDA:10,0,1,0
BRDA:13,1,0,0
BRDA:13,1,1,0
BRDA:17,2,0,0
BRDA:17,2,1,0
BRDA:17,2,2,0
BRDA:19,3,0,0
BRDA:19,3,1,0
BRDA:34,4,0,0
BRDA:34,4,1,0
BRDA:44,5,0,0
BRDA:44,5,1,0
BRDA:99,6,0,0
BRDA:99,6,1,0
BRDA:99,7,0,0
BRDA:99,7,1,0
BRDA:105,8,0,0
BRDA:105,8,1,0
BRDA:120,9,0,0
BRDA:120,9,1,0
BRDA:145,10,0,0
BRDA:145,10,1,0
BRDA:147,11,0,0
BRDA:147,11,1,0
BRDA:180,12,0,0
BRDA:180,12,1,0
BRDA:184,13,0,0
BRDA:184,13,1,0
BRDA:185,14,0,0
BRDA:185,14,1,0
BRDA:186,15,0,0
BRDA:186,15,1,0
BRDA:187,16,0,0
BRDA:187,16,1,0
BRDA:188,17,0,0
BRDA:188,17,1,0
BRDA:189,18,0,0
BRDA:189,18,1,0
BRDA:190,19,0,0
BRDA:190,19,1,0
BRDA:191,20,0,0
BRDA:191,20,1,0
BRDA:193,21,0,0
BRDA:193,21,1,0
BRDA:194,22,0,0
BRDA:194,22,1,0
BRDA:195,23,0,0
BRDA:195,23,1,0
BRDA:235,24,0,0
BRDA:235,24,1,0
BRDA:239,25,0,0
BRDA:239,25,1,0
BRDA:249,26,0,0
BRDA:249,26,1,0
BRDA:260,27,0,0
BRDA:260,27,1,0
BRDA:267,28,0,0
BRDA:267,28,1,0
BRDA:273,29,0,0
BRDA:273,29,1,0
BRDA:296,30,0,0
BRDA:296,30,1,0
BRDA:310,31,0,0
BRDA:310,31,1,0
BRDA:310,32,0,0
BRDA:310,32,1,0
BRDA:330,33,0,0
BRDA:330,33,1,0
BRDA:331,34,0,0
BRDA:331,34,1,0
BRDA:332,35,0,0
BRDA:332,35,1,0
BRDA:333,36,0,0
BRDA:333,36,1,0
BRDA:334,37,0,0
BRDA:334,37,1,0
BRDA:335,38,0,0
BRDA:335,38,1,0
BRDA:336,39,0,0
BRDA:336,39,1,0
BRDA:337,40,0,0
BRDA:337,40,1,0
BRDA:338,41,0,0
BRDA:338,41,1,0
BRDA:341,42,0,0
BRDA:341,42,1,0
BRDA:342,43,0,0
BRDA:342,43,1,0
BRDA:343,44,0,0
BRDA:343,44,1,0
BRDA:344,45,0,0
BRDA:344,45,1,0
BRDA:345,46,0,0
BRDA:345,46,1,0
BRDA:348,47,0,0
BRDA:348,47,1,0
BRDA:349,48,0,0
BRDA:349,48,1,0
BRDA:350,49,0,0
BRDA:350,49,1,0
BRDA:350,50,0,0
BRDA:350,50,1,0
BRDA:355,51,0,0
BRDA:355,51,1,0
BRDA:356,52,0,0
BRDA:356,52,1,0
BRDA:357,53,0,0
BRDA:357,53,1,0
BRDA:359,54,0,0
BRDA:359,54,1,0
BRDA:360,55,0,0
BRDA:360,55,1,0
BRDA:389,56,0,0
BRDA:389,56,1,0
BRDA:406,57,0,0
BRDA:406,57,1,0
BRDA:406,58,0,0
BRDA:406,58,1,0
BRDA:419,59,0,0
BRDA:419,59,1,0
BRDA:433,60,0,0
BRDA:433,60,1,0
BRDA:438,61,0,0
BRDA:438,61,1,0
BRDA:531,62,0,0
BRDA:531,62,1,0
BRDA:531,63,0,0
BRDA:531,63,1,0
BRDA:537,64,0,0
BRDA:537,64,1,0
BRDA:537,65,0,0
BRDA:537,65,1,0
BRDA:544,66,0,0
BRDA:544,66,1,0
BRDA:544,67,0,0
BRDA:544,67,1,0
BRDA:544,67,2,0
BRDA:547,68,0,0
BRDA:547,68,1,0
BRDA:547,69,0,0
BRDA:547,69,1,0
BRDA:548,70,0,0
BRDA:548,70,1,0
BRDA:548,71,0,0
BRDA:548,71,1,0
BRDA:549,72,0,0
BRDA:549,72,1,0
BRDA:557,73,0,0
BRDA:557,73,1,0
BRDA:557,74,0,0
BRDA:557,74,1,0
BRDA:557,74,2,0
BRDA:565,75,0,0
BRDA:565,75,1,0
BRDA:565,76,0,0
BRDA:565,76,1,0
BRDA:572,77,0,0
BRDA:572,77,1,0
BRDA:572,78,0,0
BRDA:572,78,1,0
BRDA:579,79,0,0
BRDA:579,79,1,0
BRDA:590,80,0,0
BRDA:590,80,1,0
BRDA:596,81,0,0
BRDA:596,81,1,0
BRDA:603,82,0,0
BRDA:603,82,1,0
BRDA:605,83,0,0
BRDA:605,83,1,0
BRDA:605,84,0,0
BRDA:605,84,1,0
BRDA:606,85,0,0
BRDA:606,85,1,0
BRDA:612,86,0,0
BRDA:612,86,1,0
BRDA:619,87,0,0
BRDA:619,87,1,0
BRDA:619,88,0,0
BRDA:619,88,1,0
BRDA:620,89,0,0
BRDA:620,89,1,0
BRDA:621,90,0,0
BRDA:621,90,1,0
BRDA:628,91,0,0
BRDA:628,91,1,0
BRDA:677,92,0,0
BRDA:677,92,1,0
BRDA:703,93,0,0
BRDA:703,93,1,0
BRDA:726,94,0,0
BRDA:726,94,1,0
BRDA:726,95,0,0
BRDA:726,95,1,0
BRDA:728,96,0,0
BRDA:728,96,1,0
BRDA:729,97,0,0
BRDA:729,97,1,0
BRDA:765,98,0,0
BRDA:765,98,1,0
BRDA:765,99,0,0
BRDA:765,99,1,0
BRDA:780,100,0,0
BRDA:780,100,1,0
BRDA:798,101,0,0
BRDA:798,101,1,0
BRDA:813,102,0,0
BRDA:813,102,1,0
BRDA:843,103,0,0
BRDA:843,103,1,0
BRF:211
BRH:0
end_of_record
TN:
SF:src/api/garmin/garmin.routes.js
FN:10,(anonymous_0)
FN:11,(anonymous_1)
FN:24,(anonymous_2)
FN:27,(anonymous_3)
FNF:4
FNH:0
FNDA:0,(anonymous_0)
FNDA:0,(anonymous_1)
FNDA:0,(anonymous_2)
FNDA:0,(anonymous_3)
DA:1,0
DA:2,0
DA:3,0
DA:10,0
DA:11,0
DA:14,0
DA:17,0
DA:18,0
DA:19,0
DA:20,0
DA:21,0
DA:24,0
DA:27,0
DA:28,0
DA:39,0
LF:15
LH:0
BRF:0
BRH:0
end_of_record
TN:
SF:src/api/health/health.controller.js
FN:5,(anonymous_0)
FN:56,(anonymous_1)
FN:97,(anonymous_2)
FN:120,(anonymous_3)
FN:160,(anonymous_4)
FN:161,(anonymous_5)
FN:162,(anonymous_6)
FN:181,(anonymous_7)
FNF:8
FNH:0
FNDA:0,(anonymous_0)
FNDA:0,(anonymous_1)
FNDA:0,(anonymous_2)
FNDA:0,(anonymous_3)
FNDA:0,(anonymous_4)
FNDA:0,(anonymous_5)
FNDA:0,(anonymous_6)
FNDA:0,(anonymous_7)
DA:1,0
DA:2,0
DA:5,0
DA:6,0
DA:7,0
DA:8,0
DA:11,0
DA:12,0
DA:13,0
DA:17,0
DA:26,0
DA:29,0
DA:39,0
DA:41,0
DA:47,0
DA:48,0
DA:56,0
DA:57,0
DA:58,0
DA:59,0
DA:62,0
DA:63,0
DA:64,0
DA:67,0
DA:68,0
DA:71,0
DA:77,0
DA:79,0
DA:88,0
DA:89,0
DA:97,0
DA:98,0
DA:99,0
DA:102,0
DA:105,0
DA:106,0
DA:109,0
DA:111,0
DA:112,0
DA:120,0
DA:121,0
DA:122,0
DA:123,0
DA:126,0
DA:130,0
DA:132,0
DA:134,0
DA:136,0
DA:149,0
DA:150,0
DA:152,0
DA:160,0
DA:161,0
DA:162,0
DA:164,0
DA:166,0
DA:172,0
DA:173,0
DA:181,0
DA:182,0
DA:183,0
DA:184,0
DA:185,0
DA:188,0
DA:189,0
DA:190,0
DA:194,0
DA:203,0
DA:204,0
DA:207,0
DA:217,0
DA:218,0
DA:220,0
DA:226,0
DA:227,0
LF:75
LH:0
BRDA:12,0,0,0
BRDA:12,0,1,0
BRDA:22,1,0,0
BRDA:22,1,1,0
BRDA:30,2,0,0
BRDA:30,2,1,0
BRDA:31,3,0,0
BRDA:31,3,1,0
BRDA:32,4,0,0
BRDA:32,4,1,0
BRDA:33,5,0,0
BRDA:33,5,1,0
BRDA:34,6,0,0
BRDA:34,6,1,0
BRDA:35,7,0,0
BRDA:35,7,1,0
BRDA:59,8,0,0
BRDA:59,9,0,0
BRDA:63,10,0,0
BRDA:63,10,1,0
BRDA:64,11,0,0
BRDA:64,11,1,0
BRDA:68,12,0,0
BRDA:68,12,1,0
BRDA:68,13,0,0
BRDA:68,13,1,0
BRDA:105,14,0,0
BRDA:105,14,1,0
BRDA:132,15,0,0
BRDA:132,15,1,0
BRDA:160,16,0,0
BRDA:160,16,1,0
BRDA:161,17,0,0
BRDA:161,17,1,0
BRDA:162,18,0,0
BRDA:162,18,1,0
BRDA:189,19,0,0
BRDA:189,19,1,0
BRDA:199,20,0,0
BRDA:199,20,1,0
BRDA:208,21,0,0
BRDA:208,21,1,0
BRDA:209,22,0,0
BRDA:209,22,1,0
BRDA:210,23,0,0
BRDA:210,23,1,0
BRDA:211,24,0,0
BRDA:211,24,1,0
BRDA:212,25,0,0
BRDA:212,25,1,0
BRDA:213,26,0,0
BRDA:213,26,1,0
BRF:52
BRH:0
end_of_record
TN:
SF:src/api/health/health.routes.js
FNF:0
FNH:0
DA:1,0
DA:2,0
DA:3,0
DA:4,0
DA:7,0
DA:8,0
DA:9,0
DA:12,0
DA:13,0
DA:15,0
LF:10
LH:0
BRF:0
BRH:0
end_of_record
TN:
SF:src/api/ia/ia.controller.js
FN:11,(anonymous_0)
FN:124,(anonymous_1)
FN:149,(anonymous_2)
FN:180,(anonymous_3)
FN:217,(anonymous_4)
FN:239,(anonymous_5)
FN:272,(anonymous_6)
FN:291,(anonymous_7)
FN:320,(anonymous_8)
FNF:9
FNH:0
FNDA:0,(anonymous_0)
FNDA:0,(anonymous_1)
FNDA:0,(anonymous_2)
FNDA:0,(anonymous_3)
FNDA:0,(anonymous_4)
FNDA:0,(anonymous_5)
FNDA:0,(anonymous_6)
FNDA:0,(anonymous_7)
FNDA:0,(anonymous_8)
DA:1,0
DA:2,0
DA:3,0
DA:6,0
DA:9,0
DA:11,0
DA:12,0
DA:14,0
DA:16,0
DA:20,0
DA:21,0
DA:23,0
DA:24,0
DA:27,0
DA:30,0
DA:31,0
DA:32,0
DA:35,0
DA:36,0
DA:43,0
DA:47,0
DA:50,0
DA:53,0
DA:64,0
DA:67,0
DA:76,0
DA:77,0
DA:78,0
DA:80,0
DA:83,0
DA:105,0
DA:106,0
DA:113,0
DA:115,0
DA:116,0
DA:124,0
DA:125,0
DA:126,0
DA:127,0
DA:129,0
DA:130,0
DA:132,0
DA:140,0
DA:141,0
DA:149,0
DA:150,0
DA:151,0
DA:154,0
DA:155,0
DA:161,0
DA:163,0
DA:171,0
DA:172,0
DA:180,0
DA:181,0
DA:182,0
DA:183,0
DA:185,0
DA:186,0
DA:190,0
DA:201,0
DA:208,0
DA:209,0
DA:217,0
DA:218,0
DA:219,0
DA:221,0
DA:223,0
DA:230,0
DA:231,0
DA:239,0
DA:240,0
DA:241,0
DA:243,0
DA:250,0
DA:251,0
DA:253,0
DA:263,0
DA:264,0
DA:272,0
DA:273,0
DA:274,0
DA:276,0
DA:282,0
DA:283,0
DA:291,0
DA:292,0
DA:293,0
DA:296,0
DA:297,0
DA:303,0
DA:305,0
DA:311,0
DA:312,0
DA:320,0
DA:321,0
DA:322,0
DA:323,0
DA:324,0
DA:325,0
LF:100
LH:0
BRDA:18,0,0,0
BRDA:18,0,1,0
BRDA:21,1,0,0
BRDA:23,2,0,0
BRDA:23,2,1,0
BRDA:30,3,0,0
BRDA:30,3,1,0
BRDA:31,4,0,0
BRDA:31,4,1,0
BRDA:35,5,0,0
BRDA:35,5,1,0
BRDA:50,6,0,0
BRDA:50,6,1,0
BRDA:56,7,0,0
BRDA:56,7,1,0
BRDA:60,8,0,0
BRDA:60,8,1,0
BRDA:77,9,0,0
BRDA:77,9,1,0
BRDA:96,10,0,0
BRDA:96,10,1,0
BRDA:97,11,0,0
BRDA:97,11,1,0
BRDA:127,12,0,0
BRDA:129,13,0,0
BRDA:129,13,1,0
BRDA:154,14,0,0
BRDA:154,14,1,0
BRDA:185,15,0,0
BRDA:185,15,1,0
BRDA:185,16,0,0
BRDA:185,16,1,0
BRDA:250,17,0,0
BRDA:250,17,1,0
BRDA:251,18,0,0
BRDA:251,18,1,0
BRDA:257,19,0,0
BRDA:257,19,1,0
BRDA:259,20,0,0
BRDA:259,20,1,0
BRDA:296,21,0,0
BRDA:296,21,1,0
BRF:42
BRH:0
end_of_record
TN:
SF:src/api/ia/ia.routes.js
FNF:0
FNH:0
DA:1,0
DA:2,0
DA:3,0
DA:4,0
DA:7,0
DA:8,0
DA:9,0
DA:10,0
DA:11,0
DA:12,0
DA:15,0
DA:16,0
DA:18,0
LF:13
LH:0
BRF:0
BRH:0
end_of_record
TN:
SF:src/api/meal/meal.controller.js
FN:9,(anonymous_0)
FN:49,(anonymous_1)
FN:91,(anonymous_2)
FN:117,(anonymous_3)
FN:229,(anonymous_4)
FN:255,(anonymous_5)
FN:302,(anonymous_6)
FN:330,(anonymous_7)
FN:396,(anonymous_8)
FN:452,(anonymous_9)
FN:465,(anonymous_10)
FN:491,(anonymous_11)
FN:492,(anonymous_12)
FN:508,(anonymous_13)
FN:510,(anonymous_14)
FN:511,(anonymous_15)
FN:525,(anonymous_16)
FN:559,(anonymous_17)
FN:605,(anonymous_18)
FN:650,(anonymous_19)
FN:679,checkDietCompatibility
FN:698,generateHealthySuggestions
FN:718,generateWarnings
FN:739,(anonymous_23)
FN:784,(anonymous_24)
FN:805,(anonymous_25)
FN:850,(anonymous_26)
FNF:27
FNH:0
FNDA:0,(anonymous_0)
FNDA:0,(anonymous_1)
FNDA:0,(anonymous_2)
FNDA:0,(anonymous_3)
FNDA:0,(anonymous_4)
FNDA:0,(anonymous_5)
FNDA:0,(anonymous_6)
FNDA:0,(anonymous_7)
FNDA:0,(anonymous_8)
FNDA:0,(anonymous_9)
FNDA:0,(anonymous_10)
FNDA:0,(anonymous_11)
FNDA:0,(anonymous_12)
FNDA:0,(anonymous_13)
FNDA:0,(anonymous_14)
FNDA:0,(anonymous_15)
FNDA:0,(anonymous_16)
FNDA:0,(anonymous_17)
FNDA:0,(anonymous_18)
FNDA:0,(anonymous_19)
FNDA:0,checkDietCompatibility
FNDA:0,generateHealthySuggestions
FNDA:0,generateWarnings
FNDA:0,(anonymous_23)
FNDA:0,(anonymous_24)
FNDA:0,(anonymous_25)
FNDA:0,(anonymous_26)
DA:1,0
DA:2,0
DA:3,0
DA:4,0
DA:5,0
DA:6,0
DA:9,0
DA:10,0
DA:11,0
DA:12,0
DA:15,0
DA:16,0
DA:17,0
DA:21,0
DA:33,0
DA:35,0
DA:40,0
DA:41,0
DA:49,0
DA:50,0
DA:51,0
DA:52,0
DA:55,0
DA:56,0
DA:57,0
DA:60,0
DA:61,0
DA:62,0
DA:65,0
DA:71,0
DA:73,0
DA:82,0
DA:83,0
DA:91,0
DA:92,0
DA:93,0
DA:94,0
DA:97,0
DA:98,0
DA:101,0
DA:106,0
DA:108,0
DA:109,0
DA:117,0
DA:118,0
DA:119,0
DA:121,0
DA:122,0
DA:125,0
DA:126,0
DA:129,0
DA:132,0
DA:133,0
DA:134,0
DA:139,0
DA:141,0
DA:146,0
DA:147,0
DA:148,0
DA:150,0
DA:154,0
DA:164,0
DA:165,0
DA:175,0
DA:176,0
DA:178,0
DA:185,0
DA:186,0
DA:188,0
DA:195,0
DA:199,0
DA:200,0
DA:201,0
DA:202,0
DA:203,0
DA:204,0
DA:206,0
DA:209,0
DA:220,0
DA:221,0
DA:229,0
DA:230,0
DA:231,0
DA:233,0
DA:234,0
DA:238,0
DA:240,0
DA:246,0
DA:247,0
DA:255,0
DA:256,0
DA:266,0
DA:268,0
DA:269,0
DA:272,0
DA:283,0
DA:285,0
DA:293,0
DA:294,0
DA:302,0
DA:303,0
DA:304,0
DA:307,0
DA:313,0
DA:321,0
DA:322,0
DA:330,0
DA:331,0
DA:332,0
DA:333,0
DA:336,0
DA:337,0
DA:338,0
DA:341,0
DA:342,0
DA:345,0
DA:346,0
DA:350,0
DA:351,0
DA:355,0
DA:377,0
DA:379,0
DA:387,0
DA:388,0
DA:396,0
DA:397,0
DA:398,0
DA:400,0
DA:401,0
DA:404,0
DA:407,0
DA:412,0
DA:413,0
DA:420,0
DA:426,0
DA:434,0
DA:443,0
DA:444,0
DA:452,0
DA:453,0
DA:454,0
DA:456,0
DA:457,0
DA:460,0
DA:461,0
DA:465,0
DA:466,0
DA:470,0
DA:475,0
DA:476,0
DA:477,0
DA:478,0
DA:479,0
DA:483,0
DA:485,0
DA:490,0
DA:491,0
DA:492,0
DA:502,0
DA:508,0
DA:510,0
DA:511,0
DA:516,0
DA:517,0
DA:525,0
DA:526,0
DA:527,0
DA:528,0
DA:530,0
DA:550,0
DA:551,0
DA:559,0
DA:560,0
DA:561,0
DA:564,0
DA:565,0
DA:571,0
DA:573,0
DA:574,0
DA:580,0
DA:583,0
DA:589,0
DA:596,0
DA:597,0
DA:605,0
DA:606,0
DA:607,0
DA:610,0
DA:611,0
DA:617,0
DA:619,0
DA:620,0
DA:625,0
DA:627,0
DA:628,0
DA:634,0
DA:641,0
DA:642,0
DA:650,0
DA:651,0
DA:652,0
DA:655,0
DA:656,0
DA:657,0
DA:661,0
DA:662,0
DA:666,0
DA:668,0
DA:670,0
DA:671,0
DA:680,0
DA:682,0
DA:684,0
DA:686,0
DA:688,0
DA:690,0
DA:692,0
DA:694,0
DA:699,0
DA:700,0
DA:702,0
DA:703,0
DA:705,0
DA:706,0
DA:708,0
DA:709,0
DA:711,0
DA:712,0
DA:715,0
DA:719,0
DA:720,0
DA:722,0
DA:723,0
DA:725,0
DA:726,0
DA:728,0
DA:729,0
DA:731,0
DA:732,0
DA:735,0
DA:739,0
DA:740,0
DA:741,0
DA:748,0
DA:751,0
DA:752,0
DA:753,0
DA:756,0
DA:768,0
DA:770,0
DA:775,0
DA:776,0
DA:784,0
DA:785,0
DA:786,0
DA:788,0
DA:791,0
DA:796,0
DA:797,0
DA:805,0
DA:806,0
DA:807,0
DA:814,0
DA:817,0
DA:818,0
DA:819,0
DA:822,0
DA:834,0
DA:836,0
DA:841,0
DA:842,0
DA:850,0
DA:851,0
DA:852,0
DA:854,0
DA:857,0
DA:862,0
DA:863,0
LF:278
LH:0
BRDA:16,0,0,0
BRDA:16,0,1,0
BRDA:52,1,0,0
BRDA:52,2,0,0
BRDA:56,3,0,0
BRDA:56,3,1,0
BRDA:57,4,0,0
BRDA:57,4,1,0
BRDA:61,5,0,0
BRDA:61,5,1,0
BRDA:61,6,0,0
BRDA:61,6,1,0
BRDA:62,7,0,0
BRDA:62,7,1,0
BRDA:94,8,0,0
BRDA:119,9,0,0
BRDA:121,10,0,0
BRDA:121,10,1,0
BRDA:132,11,0,0
BRDA:132,11,1,0
BRDA:132,12,0,0
BRDA:132,12,1,0
BRDA:155,13,0,0
BRDA:155,13,1,0
BRDA:164,14,0,0
BRDA:164,14,1,0
BRDA:164,15,0,0
BRDA:164,15,1,0
BRDA:166,16,0,0
BRDA:166,16,1,0
BRDA:168,17,0,0
BRDA:168,17,1,0
BRDA:171,18,0,0
BRDA:171,18,1,0
BRDA:172,19,0,0
BRDA:172,19,1,0
BRDA:176,20,0,0
BRDA:176,20,1,0
BRDA:186,21,0,0
BRDA:186,21,1,0
BRDA:193,22,0,0
BRDA:193,22,1,0
BRDA:199,23,0,0
BRDA:199,23,1,0
BRDA:201,24,0,0
BRDA:201,24,1,0
BRDA:203,25,0,0
BRDA:203,25,1,0
BRDA:212,26,0,0
BRDA:212,26,1,0
BRDA:231,27,0,0
BRDA:231,28,0,0
BRDA:233,29,0,0
BRDA:233,29,1,0
BRDA:259,30,0,0
BRDA:268,31,0,0
BRDA:268,31,1,0
BRDA:276,32,0,0
BRDA:276,32,1,0
BRDA:277,33,0,0
BRDA:277,33,1,0
BRDA:278,34,0,0
BRDA:278,34,1,0
BRDA:279,35,0,0
BRDA:279,35,1,0
BRDA:304,36,0,0
BRDA:333,37,0,0
BRDA:337,38,0,0
BRDA:337,38,1,0
BRDA:345,39,0,0
BRDA:345,39,1,0
BRDA:350,40,0,0
BRDA:350,40,1,0
BRDA:357,41,0,0
BRDA:357,41,1,0
BRDA:357,41,2,0
BRDA:359,42,0,0
BRDA:359,42,1,0
BRDA:359,42,2,0
BRDA:361,43,0,0
BRDA:361,43,1,0
BRDA:361,43,2,0
BRDA:362,44,0,0
BRDA:362,44,1,0
BRDA:362,44,2,0
BRDA:363,45,0,0
BRDA:363,45,1,0
BRDA:363,45,2,0
BRDA:364,46,0,0
BRDA:364,46,1,0
BRDA:365,47,0,0
BRDA:365,47,1,0
BRDA:366,48,0,0
BRDA:366,48,1,0
BRDA:372,49,0,0
BRDA:372,49,1,0
BRDA:398,50,0,0
BRDA:400,51,0,0
BRDA:400,51,1,0
BRDA:412,52,0,0
BRDA:412,52,1,0
BRDA:427,53,0,0
BRDA:427,53,1,0
BRDA:428,54,0,0
BRDA:428,54,1,0
BRDA:454,55,0,0
BRDA:456,56,0,0
BRDA:456,56,1,0
BRDA:456,57,0,0
BRDA:456,57,1,0
BRDA:456,57,2,0
BRDA:460,58,0,0
BRDA:460,58,1,0
BRDA:477,59,0,0
BRDA:477,59,1,0
BRDA:478,60,0,0
BRDA:478,60,1,0
BRDA:493,61,0,0
BRDA:493,61,1,0
BRDA:494,62,0,0
BRDA:494,62,1,0
BRDA:495,63,0,0
BRDA:495,63,1,0
BRDA:496,64,0,0
BRDA:496,64,1,0
BRDA:497,65,0,0
BRDA:497,65,1,0
BRDA:498,66,0,0
BRDA:498,66,1,0
BRDA:499,67,0,0
BRDA:499,67,1,0
BRDA:509,68,0,0
BRDA:509,68,1,0
BRDA:564,69,0,0
BRDA:564,69,1,0
BRDA:571,70,0,0
BRDA:573,71,0,0
BRDA:573,71,1,0
BRDA:584,72,0,0
BRDA:584,72,1,0
BRDA:585,73,0,0
BRDA:585,73,1,0
BRDA:610,74,0,0
BRDA:610,74,1,0
BRDA:619,75,0,0
BRDA:619,75,1,0
BRDA:627,76,0,0
BRDA:627,76,1,0
BRDA:656,77,0,0
BRDA:656,77,1,0
BRDA:661,78,0,0
BRDA:661,78,1,0
BRDA:680,79,0,0
BRDA:680,79,1,0
BRDA:684,80,0,0
BRDA:684,80,1,0
BRDA:684,80,2,0
BRDA:684,80,3,0
BRDA:684,80,4,0
BRDA:686,81,0,0
BRDA:686,81,1,0
BRDA:688,82,0,0
BRDA:688,82,1,0
BRDA:690,83,0,0
BRDA:690,83,1,0
BRDA:692,84,0,0
BRDA:692,84,1,0
BRDA:702,85,0,0
BRDA:702,85,1,0
BRDA:705,86,0,0
BRDA:705,86,1,0
BRDA:708,87,0,0
BRDA:708,87,1,0
BRDA:711,88,0,0
BRDA:711,88,1,0
BRDA:722,89,0,0
BRDA:722,89,1,0
BRDA:725,90,0,0
BRDA:725,90,1,0
BRDA:728,91,0,0
BRDA:728,91,1,0
BRDA:731,92,0,0
BRDA:731,92,1,0
BRDA:752,93,0,0
BRDA:752,93,1,0
BRDA:760,94,0,0
BRDA:760,94,1,0
BRDA:762,95,0,0
BRDA:762,95,1,0
BRDA:763,96,0,0
BRDA:763,96,1,0
BRDA:818,97,0,0
BRDA:818,97,1,0
BRDA:825,98,0,0
BRDA:825,98,1,0
BRDA:826,99,0,0
BRDA:826,99,1,0
BRDA:827,100,0,0
BRDA:827,100,1,0
BRDA:828,101,0,0
BRDA:828,101,1,0
BRDA:829,102,0,0
BRDA:829,102,1,0
BRF:203
BRH:0
end_of_record
TN:
SF:src/api/meal/meal.routes.js
FNF:0
FNH:0
DA:1,0
DA:2,0
DA:3,0
DA:4,0
DA:5,0
DA:6,0
DA:9,0
DA:10,0
DA:11,0
DA:12,0
DA:13,0
DA:14,0
DA:17,0
DA:18,0
DA:19,0
DA:22,0
DA:23,0
DA:24,0
DA:25,0
DA:26,0
DA:29,0
DA:30,0
DA:33,0
DA:34,0
DA:36,0
LF:25
LH:0
BRF:0
BRH:0
end_of_record
TN:
SF:src/api/notification/notification.controller.js
FN:17,(anonymous_0)
FN:50,(anonymous_1)
FN:83,(anonymous_2)
FN:110,(anonymous_3)
FN:138,(anonymous_4)
FN:166,(anonymous_5)
FN:211,(anonymous_6)
FN:234,(anonymous_7)
FN:253,(anonymous_8)
FN:288,(anonymous_9)
FN:344,(anonymous_10)
FN:381,(anonymous_11)
FN:426,(anonymous_12)
FN:498,(anonymous_13)
FN:517,(anonymous_14)
FNF:15
FNH:0
FNDA:0,(anonymous_0)
FNDA:0,(anonymous_1)
FNDA:0,(anonymous_2)
FNDA:0,(anonymous_3)
FNDA:0,(anonymous_4)
FNDA:0,(anonymous_5)
FNDA:0,(anonymous_6)
FNDA:0,(anonymous_7)
FNDA:0,(anonymous_8)
FNDA:0,(anonymous_9)
FNDA:0,(anonymous_10)
FNDA:0,(anonymous_11)
FNDA:0,(anonymous_12)
FNDA:0,(anonymous_13)
FNDA:0,(anonymous_14)
DA:2,0
DA:3,0
DA:4,0
DA:6,0
DA:9,0
DA:10,0
DA:11,0
DA:13,0
DA:17,0
DA:18,0
DA:19,0
DA:20,0
DA:25,0
DA:27,0
DA:28,0
DA:33,0
DA:35,0
DA:41,0
DA:42,0
DA:50,0
DA:51,0
DA:52,0
DA:54,0
DA:55,0
DA:60,0
DA:61,0
DA:66,0
DA:68,0
DA:74,0
DA:75,0
DA:83,0
DA:84,0
DA:85,0
DA:87,0
DA:88,0
DA:93,0
DA:95,0
DA:101,0
DA:102,0
DA:110,0
DA:111,0
DA:112,0
DA:113,0
DA:115,0
DA:116,0
DA:121,0
DA:123,0
DA:129,0
DA:130,0
DA:138,0
DA:139,0
DA:140,0
DA:141,0
DA:143,0
DA:144,0
DA:149,0
DA:151,0
DA:157,0
DA:158,0
DA:166,0
DA:167,0
DA:168,0
DA:169,0
DA:171,0
DA:172,0
DA:178,0
DA:179,0
DA:180,0
DA:185,0
DA:188,0
DA:189,0
DA:191,0
DA:192,0
DA:193,0
DA:196,0
DA:202,0
DA:203,0
DA:211,0
DA:212,0
DA:213,0
DA:214,0
DA:216,0
DA:217,0
DA:223,0
DA:224,0
DA:225,0
DA:230,0
DA:233,0
DA:234,0
DA:235,0
DA:238,0
DA:244,0
DA:245,0
DA:253,0
DA:254,0
DA:255,0
DA:257,0
DA:259,0
DA:260,0
DA:265,0
DA:266,0
DA:268,0
DA:279,0
DA:280,0
DA:288,0
DA:289,0
DA:290,0
DA:291,0
DA:293,0
DA:294,0
DA:299,0
DA:300,0
DA:301,0
DA:307,0
DA:326,0
DA:327,0
DA:329,0
DA:335,0
DA:336,0
DA:344,0
DA:345,0
DA:346,0
DA:347,0
DA:349,0
DA:351,0
DA:352,0
DA:357,0
DA:358,0
DA:360,0
DA:372,0
DA:373,0
DA:381,0
DA:382,0
DA:383,0
DA:411,0
DA:417,0
DA:418,0
DA:426,0
DA:427,0
DA:428,0
DA:430,0
DA:431,0
DA:436,0
DA:463,0
DA:465,0
DA:466,0
DA:473,0
DA:481,0
DA:483,0
DA:489,0
DA:490,0
DA:498,0
DA:499,0
DA:500,0
DA:502,0
DA:508,0
DA:509,0
DA:517,0
DA:518,0
DA:519,0
DA:520,0
DA:522,0
DA:532,0
DA:534,0
DA:540,0
DA:541,0
LF:166
LH:0
BRDA:19,0,0,0
BRDA:19,0,1,0
BRDA:25,1,0,0
BRDA:27,2,0,0
BRDA:27,2,1,0
BRDA:27,3,0,0
BRDA:27,3,1,0
BRDA:27,3,2,0
BRDA:27,3,3,0
BRDA:52,4,0,0
BRDA:54,5,0,0
BRDA:54,5,1,0
BRDA:54,6,0,0
BRDA:54,6,1,0
BRDA:54,6,2,0
BRDA:60,7,0,0
BRDA:60,7,1,0
BRDA:60,8,0,0
BRDA:60,8,1,0
BRDA:60,8,2,0
BRDA:85,9,0,0
BRDA:87,10,0,0
BRDA:87,10,1,0
BRDA:87,11,0,0
BRDA:87,11,1,0
BRDA:87,11,2,0
BRDA:87,11,3,0
BRDA:113,12,0,0
BRDA:115,13,0,0
BRDA:115,13,1,0
BRDA:143,14,0,0
BRDA:143,14,1,0
BRDA:171,15,0,0
BRDA:171,15,1,0
BRDA:179,16,0,0
BRDA:179,16,1,0
BRDA:179,17,0,0
BRDA:179,17,1,0
BRDA:179,17,2,0
BRDA:188,18,0,0
BRDA:188,18,1,0
BRDA:191,19,0,0
BRDA:191,19,1,0
BRDA:216,20,0,0
BRDA:216,20,1,0
BRDA:224,21,0,0
BRDA:224,21,1,0
BRDA:224,22,0,0
BRDA:224,22,1,0
BRDA:224,22,2,0
BRDA:233,23,0,0
BRDA:233,23,1,0
BRDA:259,24,0,0
BRDA:259,24,1,0
BRDA:265,25,0,0
BRDA:265,25,1,0
BRDA:266,26,0,0
BRDA:266,26,1,0
BRDA:272,27,0,0
BRDA:272,27,1,0
BRDA:273,28,0,0
BRDA:273,28,1,0
BRDA:293,29,0,0
BRDA:293,29,1,0
BRDA:293,30,0,0
BRDA:293,30,1,0
BRDA:300,31,0,0
BRDA:300,31,1,0
BRDA:308,32,0,0
BRDA:308,32,1,0
BRDA:310,33,0,0
BRDA:310,33,1,0
BRDA:311,34,0,0
BRDA:311,34,1,0
BRDA:312,35,0,0
BRDA:312,35,1,0
BRDA:313,36,0,0
BRDA:313,36,1,0
BRDA:314,37,0,0
BRDA:314,37,1,0
BRDA:318,38,0,0
BRDA:318,38,1,0
BRDA:319,39,0,0
BRDA:319,39,1,0
BRDA:320,40,0,0
BRDA:320,40,1,0
BRDA:322,41,0,0
BRDA:322,41,1,0
BRDA:347,42,0,0
BRDA:347,43,0,0
BRDA:351,44,0,0
BRDA:351,44,1,0
BRDA:357,45,0,0
BRDA:357,45,1,0
BRDA:428,46,0,0
BRDA:428,47,0,0
BRDA:430,48,0,0
BRDA:430,48,1,0
BRDA:430,49,0,0
BRDA:430,49,1,0
BRDA:465,50,0,0
BRDA:465,50,1,0
BRDA:474,51,0,0
BRDA:474,51,1,0
BRDA:475,52,0,0
BRDA:475,52,1,0
BRDA:478,53,0,0
BRDA:478,53,1,0
BRDA:520,54,0,0
BRF:109
BRH:0
end_of_record
TN:
SF:src/api/notification/notification.routes.js
FNF:0
FNH:0
DA:1,0
DA:2,0
DA:3,0
DA:4,0
DA:5,0
DA:8,0
DA:9,0
DA:10,0
DA:11,0
DA:13,0
DA:14,0
DA:15,0
DA:16,0
DA:18,0
DA:21,0
DA:22,0
DA:23,0
DA:24,0
DA:26,0
DA:28,0
LF:20
LH:0
BRF:0
BRH:0
end_of_record
TN:
SF:src/api/state/state.controller.js
FN:2,(anonymous_0)
FN:25,(anonymous_1)
FN:46,(anonymous_2)
FNF:3
FNH:0
FNDA:0,(anonymous_0)
FNDA:0,(anonymous_1)
FNDA:0,(anonymous_2)
DA:2,0
DA:4,0
DA:10,0
DA:11,0
DA:14,0
DA:15,0
DA:18,0
DA:19,0
DA:22,0
DA:25,0
DA:26,0
DA:27,0
DA:29,0
DA:30,0
DA:33,0
DA:35,0
DA:41,0
DA:46,0
DA:47,0
DA:48,0
DA:50,0
DA:51,0
DA:57,0
DA:62,0
LF:24
LH:0
BRDA:10,0,0,0
BRDA:10,0,1,0
BRDA:14,1,0,0
BRDA:14,1,1,0
BRDA:18,2,0,0
BRDA:18,2,1,0
BRDA:29,3,0,0
BRDA:29,3,1,0
BRDA:50,4,0,0
BRDA:50,4,1,0
BRF:10
BRH:0
end_of_record
TN:
SF:src/api/state/state.routes.js
FNF:0
FNH:0
DA:1,0
DA:2,0
DA:3,0
DA:4,0
DA:7,0
DA:8,0
DA:10,0
LF:7
LH:0
BRF:0
BRH:0
end_of_record
TN:
SF:src/api/subscription/subscription.controller.js
FN:6,(anonymous_0)
FN:26,(anonymous_1)
FN:58,(anonymous_2)
FN:77,(anonymous_3)
FN:93,(anonymous_4)
FN:109,(anonymous_5)
FN:125,getFeaturesByLevel
FN:169,(anonymous_7)
FN:187,getNextRenewalDate
FNF:9
FNH:0
FNDA:0,(anonymous_0)
FNDA:0,(anonymous_1)
FNDA:0,(anonymous_2)
FNDA:0,(anonymous_3)
FNDA:0,(anonymous_4)
FNDA:0,(anonymous_5)
FNDA:0,getFeaturesByLevel
FNDA:0,(anonymous_7)
FNDA:0,getNextRenewalDate
DA:1,0
DA:2,0
DA:3,0
DA:6,0
DA:7,0
DA:8,0
DA:10,0
DA:11,0
DA:14,0
DA:20,0
DA:21,0
DA:26,0
DA:27,0
DA:28,0
DA:31,0
DA:32,0
DA:35,0
DA:36,0
DA:39,0
DA:41,0
DA:49,0
DA:50,0
DA:58,0
DA:59,0
DA:60,0
DA:62,0
DA:63,0
DA:66,0
DA:68,0
DA:71,0
DA:72,0
DA:77,0
DA:78,0
DA:79,0
DA:81,0
DA:84,0
DA:85,0
DA:93,0
DA:94,0
DA:95,0
DA:97,0
DA:100,0
DA:101,0
DA:109,0
DA:110,0
DA:111,0
DA:113,0
DA:116,0
DA:117,0
DA:126,0
DA:128,0
DA:129,0
DA:132,0
DA:133,0
DA:141,0
DA:142,0
DA:152,0
DA:153,0
DA:165,0
DA:169,0
DA:170,0
DA:171,0
DA:177,0
DA:178,0
DA:179,0
DA:181,0
DA:182,0
DA:188,0
DA:189,0
DA:190,0
LF:70
LH:0
BRDA:10,0,0,0
BRDA:10,0,1,0
BRDA:28,1,0,0
BRDA:31,2,0,0
BRDA:31,2,1,0
BRDA:35,3,0,0
BRDA:35,3,1,0
BRDA:62,4,0,0
BRDA:62,4,1,0
BRDA:128,5,0,0
BRDA:128,5,1,0
BRDA:132,6,0,0
BRDA:132,6,1,0
BRDA:141,7,0,0
BRDA:141,7,1,0
BRDA:152,8,0,0
BRDA:152,8,1,0
BRF:17
BRH:0
end_of_record
TN:
SF:src/api/subscription/subscription.routes.js
FNF:0
FNH:0
DA:1,0
DA:2,0
DA:3,0
DA:4,0
DA:5,0
DA:8,0
DA:11,0
DA:12,0
DA:13,0
DA:14,0
DA:15,0
DA:17,0
LF:12
LH:0
BRF:0
BRH:0
end_of_record
TN:
SF:src/api/user/user.controller.js
FN:6,(anonymous_0)
FN:51,(anonymous_1)
FN:89,(anonymous_2)
FN:114,(anonymous_3)
FN:155,(anonymous_4)
FN:211,(anonymous_5)
FN:272,(anonymous_6)
FN:296,(anonymous_7)
FNF:8
FNH:0
FNDA:0,(anonymous_0)
FNDA:0,(anonymous_1)
FNDA:0,(anonymous_2)
FNDA:0,(anonymous_3)
FNDA:0,(anonymous_4)
FNDA:0,(anonymous_5)
FNDA:0,(anonymous_6)
FNDA:0,(anonymous_7)
DA:1,0
DA:2,0
DA:4,0
DA:6,0
DA:7,0
DA:8,0
DA:9,0
DA:11,0
DA:12,0
DA:13,0
DA:16,0
DA:24,0
DA:26,0
DA:32,0
DA:47,0
DA:51,0
DA:52,0
DA:53,0
DA:55,0
DA:56,0
DA:57,0
DA:60,0
DA:61,0
DA:62,0
DA:65,0
DA:71,0
DA:85,0
DA:89,0
DA:90,0
DA:91,0
DA:92,0
DA:93,0
DA:96,0
DA:110,0
DA:114,0
DA:115,0
DA:116,0
DA:118,0
DA:119,0
DA:120,0
DA:124,0
DA:125,0
DA:130,0
DA:131,0
DA:135,0
DA:151,0
DA:155,0
DA:156,0
DA:157,0
DA:158,0
DA:161,0
DA:162,0
DA:163,0
DA:167,0
DA:168,0
DA:172,0
DA:173,0
DA:176,0
DA:177,0
DA:178,0
DA:179,0
DA:180,0
DA:181,0
DA:185,0
DA:186,0
DA:187,0
DA:188,0
DA:189,0
DA:190,0
DA:194,0
DA:196,0
DA:207,0
DA:211,0
DA:212,0
DA:214,0
DA:216,0
DA:217,0
DA:229,0
DA:256,0
DA:258,0
DA:268,0
DA:272,0
DA:273,0
DA:274,0
DA:276,0
DA:277,0
DA:278,0
DA:281,0
DA:282,0
DA:283,0
DA:285,0
DA:287,0
DA:292,0
DA:296,0
DA:297,0
DA:298,0
DA:300,0
DA:301,0
DA:304,0
DA:306,0
DA:312,0
DA:343,0
LF:102
LH:0
BRDA:4,0,0,0
BRDA:4,0,1,0
BRDA:9,1,0,0
BRDA:9,1,1,0
BRDA:12,2,0,0
BRDA:12,2,1,0
BRDA:21,3,0,0
BRDA:21,3,1,0
BRDA:56,4,0,0
BRDA:56,4,1,0
BRDA:61,5,0,0
BRDA:61,5,1,0
BRDA:92,6,0,0
BRDA:92,6,1,0
BRDA:119,7,0,0
BRDA:119,7,1,0
BRDA:162,8,0,0
BRDA:162,8,1,0
BRDA:167,9,0,0
BRDA:167,9,1,0
BRDA:172,10,0,0
BRDA:172,10,1,0
BRDA:173,11,0,0
BRDA:173,11,1,0
BRDA:176,12,0,0
BRDA:176,12,1,0
BRDA:177,13,0,0
BRDA:177,13,1,0
BRDA:178,14,0,0
BRDA:178,14,1,0
BRDA:179,15,0,0
BRDA:179,15,1,0
BRDA:180,16,0,0
BRDA:180,16,1,0
BRDA:181,17,0,0
BRDA:181,17,1,0
BRDA:185,18,0,0
BRDA:185,18,1,0
BRDA:186,19,0,0
BRDA:186,19,1,0
BRDA:187,20,0,0
BRDA:187,20,1,0
BRDA:188,21,0,0
BRDA:188,21,1,0
BRDA:189,22,0,0
BRDA:189,22,1,0
BRDA:190,23,0,0
BRDA:190,23,1,0
BRDA:216,24,0,0
BRDA:216,24,1,0
BRDA:277,25,0,0
BRDA:277,25,1,0
BRDA:281,26,0,0
BRDA:281,26,1,0
BRDA:282,27,0,0
BRDA:282,27,1,0
BRDA:283,28,0,0
BRDA:283,28,1,0
BRDA:300,29,0,0
BRDA:300,29,1,0
BRF:60
BRH:0
end_of_record
TN:
SF:src/api/user/user.routes.js
FNF:0
FNH:0
DA:1,0
DA:2,0
DA:3,0
DA:4,0
DA:7,0
DA:8,0
DA:9,0
DA:10,0
DA:13,0
DA:14,0
DA:15,0
DA:16,0
DA:18,0
LF:13
LH:0
BRF:0
BRH:0
end_of_record
TN:
SF:src/config/env-validator.js
FN:4,(anonymous_0)
FN:58,(anonymous_1)
FN:59,(anonymous_2)
FN:60,(anonymous_3)
FN:61,(anonymous_4)
FN:62,(anonymous_5)
FN:66,(anonymous_6)
FN:121,(anonymous_7)
FN:134,(anonymous_8)
FN:146,(anonymous_9)
FN:152,(anonymous_10)
FN:183,(anonymous_11)
FN:218,(anonymous_12)
FN:234,(anonymous_13)
FNF:14
FNH:0
FNDA:0,(anonymous_0)
FNDA:0,(anonymous_1)
FNDA:0,(anonymous_2)
FNDA:0,(anonymous_3)
FNDA:0,(anonymous_4)
FNDA:0,(anonymous_5)
FNDA:0,(anonymous_6)
FNDA:0,(anonymous_7)
FNDA:0,(anonymous_8)
FNDA:0,(anonymous_9)
FNDA:0,(anonymous_10)
FNDA:0,(anonymous_11)
FNDA:0,(anonymous_12)
FNDA:0,(anonymous_13)
DA:1,0
DA:5,0
DA:37,0
DA:57,0
DA:58,0
DA:59,0
DA:60,0
DA:61,0
DA:62,0
DA:67,0
DA:68,0
DA:70,0
DA:79,0
DA:82,0
DA:83,0
DA:85,0
DA:86,0
DA:87,0
DA:88,0
DA:89,0
DA:90,0
DA:91,0
DA:92,0
DA:93,0
DA:99,0
DA:102,0
DA:105,0
DA:106,0
DA:111,0
DA:118,0
DA:123,0
DA:124,0
DA:128,0
DA:129,0
DA:133,0
DA:134,0
DA:135,0
DA:136,0
DA:140,0
DA:141,0
DA:145,0
DA:146,0
DA:147,0
DA:148,0
DA:153,0
DA:155,0
DA:156,0
DA:159,0
DA:160,0
DA:163,0
DA:164,0
DA:168,0
DA:169,0
DA:170,0
DA:171,0
DA:175,0
DA:177,0
DA:178,0
DA:184,0
DA:185,0
DA:215,0
DA:219,0
DA:221,0
DA:222,0
DA:223,0
DA:224,0
DA:226,0
DA:227,0
DA:229,0
DA:232,0
DA:233,0
DA:234,0
DA:237,0
DA:238,0
DA:242,0
LF:75
LH:0
BRDA:58,0,0,0
BRDA:58,0,1,0
BRDA:59,1,0,0
BRDA:59,1,1,0
BRDA:59,1,2,0
BRDA:60,2,0,0
BRDA:60,2,1,0
BRDA:67,3,0,0
BRDA:67,3,1,0
BRDA:68,4,0,0
BRDA:68,4,1,0
BRDA:85,5,0,0
BRDA:85,5,1,0
BRDA:89,6,0,0
BRDA:89,6,1,0
BRDA:90,7,0,0
BRDA:90,7,1,0
BRDA:105,8,0,0
BRDA:105,8,1,0
BRDA:123,9,0,0
BRDA:123,9,1,0
BRDA:123,10,0,0
BRDA:123,10,1,0
BRDA:123,10,2,0
BRDA:128,11,0,0
BRDA:128,11,1,0
BRDA:128,12,0,0
BRDA:128,12,1,0
BRDA:135,13,0,0
BRDA:135,13,1,0
BRDA:135,14,0,0
BRDA:135,14,1,0
BRDA:140,15,0,0
BRDA:140,15,1,0
BRDA:147,16,0,0
BRDA:147,16,1,0
BRDA:147,17,0,0
BRDA:147,17,1,0
BRDA:153,18,0,0
BRDA:153,18,1,0
BRDA:155,19,0,0
BRDA:155,19,1,0
BRDA:155,20,0,0
BRDA:155,20,1,0
BRDA:159,21,0,0
BRDA:159,21,1,0
BRDA:159,22,0,0
BRDA:159,22,1,0
BRDA:159,22,2,0
BRDA:163,23,0,0
BRDA:163,23,1,0
BRDA:163,24,0,0
BRDA:163,24,1,0
BRDA:168,25,0,0
BRDA:168,25,1,0
BRDA:168,26,0,0
BRDA:168,26,1,0
BRDA:175,27,0,0
BRDA:175,27,1,0
BRDA:177,28,0,0
BRDA:177,28,1,0
BRDA:177,29,0,0
BRDA:177,29,1,0
BRDA:196,30,0,0
BRDA:196,30,1,0
BRDA:197,31,0,0
BRDA:197,31,1,0
BRDA:201,32,0,0
BRDA:201,32,1,0
BRDA:202,33,0,0
BRDA:202,33,1,0
BRDA:205,34,0,0
BRDA:205,34,1,0
BRDA:210,35,0,0
BRDA:210,35,1,0
BRDA:221,36,0,0
BRDA:221,36,1,0
BRDA:223,37,0,0
BRDA:223,37,1,0
BRDA:226,38,0,0
BRDA:226,38,1,0
BRDA:232,39,0,0
BRDA:232,39,1,0
BRF:83
BRH:0
end_of_record
TN:
SF:src/cron/notification-scheduler.js
FN:5,(anonymous_0)
FN:10,(anonymous_1)
FN:19,(anonymous_2)
FN:29,(anonymous_3)
FN:44,(anonymous_4)
FN:59,(anonymous_5)
FN:97,(anonymous_6)
FN:112,(anonymous_7)
FN:129,(anonymous_8)
FN:134,(anonymous_9)
FN:149,(anonymous_10)
FN:157,(anonymous_11)
FN:167,(anonymous_12)
FN:176,(anonymous_13)
FN:194,(anonymous_14)
FN:213,(anonymous_15)
FN:237,(anonymous_16)
FNF:17
FNH:0
FNDA:0,(anonymous_0)
FNDA:0,(anonymous_1)
FNDA:0,(anonymous_2)
FNDA:0,(anonymous_3)
FNDA:0,(anonymous_4)
FNDA:0,(anonymous_5)
FNDA:0,(anonymous_6)
FNDA:0,(anonymous_7)
FNDA:0,(anonymous_8)
FNDA:0,(anonymous_9)
FNDA:0,(anonymous_10)
FNDA:0,(anonymous_11)
FNDA:0,(anonymous_12)
FNDA:0,(anonymous_13)
FNDA:0,(anonymous_14)
FNDA:0,(anonymous_15)
FNDA:0,(anonymous_16)
DA:1,0
DA:2,0
DA:6,0
DA:7,0
DA:11,0
DA:12,0
DA:13,0
DA:16,0
DA:19,0
DA:20,0
DA:21,0
DA:22,0
DA:24,0
DA:29,0
DA:30,0
DA:31,0
DA:32,0
DA:39,0
DA:44,0
DA:45,0
DA:46,0
DA:47,0
DA:54,0
DA:59,0
DA:60,0
DA:61,0
DA:84,0
DA:86,0
DA:87,0
DA:92,0
DA:97,0
DA:98,0
DA:99,0
DA:100,0
DA:107,0
DA:112,0
DA:113,0
DA:114,0
DA:115,0
DA:122,0
DA:126,0
DA:127,0
DA:128,0
DA:129,0
DA:130,0
DA:135,0
DA:136,0
DA:137,0
DA:140,0
DA:145,0
DA:146,0
DA:150,0
DA:151,0
DA:152,0
DA:155,0
DA:157,0
DA:158,0
DA:159,0
DA:162,0
DA:163,0
DA:164,0
DA:168,0
DA:177,0
DA:178,0
DA:187,0
DA:189,0
DA:190,0
DA:195,0
DA:196,0
DA:206,0
DA:208,0
DA:209,0
DA:214,0
DA:215,0
DA:221,0
DA:230,0
DA:232,0
DA:233,0
DA:238,0
DA:239,0
DA:246,0
DA:255,0
DA:257,0
DA:258,0
DA:263,0
LF:85
LH:0
BRDA:11,0,0,0
BRDA:11,0,1,0
BRDA:135,1,0,0
BRDA:135,1,1,0
BRDA:150,2,0,0
BRDA:150,2,1,0
BRDA:247,3,0,0
BRDA:247,3,1,0
BRF:8
BRH:0
end_of_record
TN:
SF:src/middlewares/analytics.middleware.js
FN:11,(anonymous_0)
FN:47,(anonymous_1)
FN:88,(anonymous_2)
FN:89,(anonymous_3)
FN:104,(anonymous_4)
FN:106,(anonymous_5)
FN:122,(anonymous_6)
FN:123,(anonymous_7)
FN:146,(anonymous_8)
FN:147,(anonymous_9)
FN:150,(anonymous_10)
FN:177,(anonymous_11)
FN:180,(anonymous_12)
FN:207,(anonymous_13)
FN:210,(anonymous_14)
FN:234,(anonymous_15)
FN:235,(anonymous_16)
FN:271,(anonymous_17)
FN:272,(anonymous_18)
FN:295,(anonymous_19)
FN:314,generateRequestId
FN:321,(anonymous_21)
FNF:22
FNH:0
FNDA:0,(anonymous_0)
FNDA:0,(anonymous_1)
FNDA:0,(anonymous_2)
FNDA:0,(anonymous_3)
FNDA:0,(anonymous_4)
FNDA:0,(anonymous_5)
FNDA:0,(anonymous_6)
FNDA:0,(anonymous_7)
FNDA:0,(anonymous_8)
FNDA:0,(anonymous_9)
FNDA:0,(anonymous_10)
FNDA:0,(anonymous_11)
FNDA:0,(anonymous_12)
FNDA:0,(anonymous_13)
FNDA:0,(anonymous_14)
FNDA:0,(anonymous_15)
FNDA:0,(anonymous_16)
FNDA:0,(anonymous_17)
FNDA:0,(anonymous_18)
FNDA:0,(anonymous_19)
FNDA:0,generateRequestId
FNDA:0,(anonymous_21)
DA:1,0
DA:2,0
DA:11,0
DA:12,0
DA:15,0
DA:26,0
DA:34,0
DA:35,0
DA:38,0
DA:46,0
DA:47,0
DA:48,0
DA:51,0
DA:59,0
DA:70,0
DA:71,0
DA:79,0
DA:82,0
DA:88,0
DA:89,0
DA:90,0
DA:91,0
DA:97,0
DA:104,0
DA:106,0
DA:107,0
DA:108,0
DA:109,0
DA:116,0
DA:122,0
DA:123,0
DA:124,0
DA:125,0
DA:126,0
DA:133,0
DA:140,0
DA:146,0
DA:147,0
DA:148,0
DA:150,0
DA:151,0
DA:153,0
DA:154,0
DA:163,0
DA:170,0
DA:177,0
DA:178,0
DA:180,0
DA:181,0
DA:183,0
DA:184,0
DA:193,0
DA:201,0
DA:207,0
DA:208,0
DA:210,0
DA:211,0
DA:213,0
DA:214,0
DA:222,0
DA:228,0
DA:234,0
DA:235,0
DA:236,0
DA:237,0
DA:245,0
DA:246,0
DA:254,0
DA:255,0
DA:265,0
DA:271,0
DA:272,0
DA:273,0
DA:281,0
DA:282,0
DA:289,0
DA:295,0
DA:297,0
DA:300,0
DA:308,0
DA:315,0
DA:321,0
DA:322,0
DA:323,0
DA:324,0
DA:325,0
DA:327,0
DA:336,0
DA:337,0
DA:344,0
LF:90
LH:0
BRDA:30,0,0,0
BRDA:30,0,1,0
BRDA:34,1,0,0
BRDA:34,1,1,0
BRDA:55,2,0,0
BRDA:55,2,1,0
BRDA:70,3,0,0
BRDA:70,3,1,0
BRDA:90,4,0,0
BRDA:90,4,1,0
BRDA:107,5,0,0
BRDA:107,5,1,0
BRDA:112,6,0,0
BRDA:112,6,1,0
BRDA:124,7,0,0
BRDA:124,7,1,0
BRDA:129,8,0,0
BRDA:129,8,1,0
BRDA:134,9,0,0
BRDA:134,9,1,0
BRDA:146,10,0,0
BRDA:150,11,0,0
BRDA:153,12,0,0
BRDA:153,12,1,0
BRDA:164,13,0,0
BRDA:164,13,1,0
BRDA:180,14,0,0
BRDA:183,15,0,0
BRDA:183,15,1,0
BRDA:194,16,0,0
BRDA:194,16,1,0
BRDA:196,17,0,0
BRDA:196,17,1,0
BRDA:198,18,0,0
BRDA:198,18,1,0
BRDA:210,19,0,0
BRDA:213,20,0,0
BRDA:213,20,1,0
BRDA:223,21,0,0
BRDA:223,21,1,0
BRDA:236,22,0,0
BRDA:236,22,1,0
BRDA:240,23,0,0
BRDA:240,23,1,0
BRDA:245,24,0,0
BRDA:245,24,1,0
BRDA:245,25,0,0
BRDA:245,25,1,0
BRDA:246,26,0,0
BRDA:246,26,1,0
BRDA:247,27,0,0
BRDA:247,27,1,0
BRDA:254,28,0,0
BRDA:254,28,1,0
BRDA:254,29,0,0
BRDA:254,29,1,0
BRDA:257,30,0,0
BRDA:257,30,1,0
BRDA:258,31,0,0
BRDA:258,31,1,0
BRDA:259,32,0,0
BRDA:259,32,1,0
BRDA:260,33,0,0
BRDA:260,33,1,0
BRDA:272,34,0,0
BRDA:277,35,0,0
BRDA:277,35,1,0
BRDA:281,36,0,0
BRDA:281,36,1,0
BRDA:297,37,0,0
BRDA:297,37,1,0
BRDA:304,38,0,0
BRDA:304,38,1,0
BRDA:323,39,0,0
BRDA:323,39,1,0
BRF:75
BRH:0
end_of_record
TN:
SF:src/middlewares/auth.middleware.js
FN:25,(anonymous_0)
FN:26,(anonymous_1)
FN:37,(anonymous_2)
FN:54,(anonymous_3)
FN:102,(anonymous_4)
FN:105,(anonymous_5)
FN:122,(anonymous_6)
FN:152,(anonymous_7)
FNF:8
FNH:0
FNDA:0,(anonymous_0)
FNDA:0,(anonymous_1)
FNDA:0,(anonymous_2)
FNDA:0,(anonymous_3)
FNDA:0,(anonymous_4)
FNDA:0,(anonymous_5)
FNDA:0,(anonymous_6)
FNDA:0,(anonymous_7)
DA:1,0
DA:2,0
DA:3,0
DA:6,0
DA:7,0
DA:10,0
DA:11,0
DA:12,0
DA:13,0
DA:14,0
DA:15,0
DA:18,0
DA:22,0
DA:25,0
DA:26,0
DA:27,0
DA:28,0
DA:29,0
DA:31,0
DA:32,0
DA:35,0
DA:37,0
DA:39,0
DA:40,0
DA:46,0
DA:47,0
DA:49,0
DA:54,0
DA:55,0
DA:56,0
DA:58,0
DA:59,0
DA:64,0
DA:66,0
DA:67,0
DA:70,0
DA:73,0
DA:74,0
DA:75,0
DA:78,0
DA:79,0
DA:80,0
DA:82,0
DA:84,0
DA:85,0
DA:89,0
DA:90,0
DA:96,0
DA:97,0
DA:102,0
DA:103,0
DA:105,0
DA:106,0
DA:107,0
DA:109,0
DA:110,0
DA:117,0
DA:122,0
DA:123,0
DA:125,0
DA:126,0
DA:133,0
DA:134,0
DA:141,0
DA:143,0
DA:144,0
DA:152,0
DA:153,0
LF:68
LH:0
BRDA:7,0,0,0
BRDA:7,0,1,0
BRDA:11,1,0,0
BRDA:11,1,1,0
BRDA:14,2,0,0
BRDA:14,2,1,0
BRDA:25,3,0,0
BRDA:25,4,0,0
BRDA:27,5,0,0
BRDA:27,5,1,0
BRDA:31,6,0,0
BRDA:31,6,1,0
BRDA:39,7,0,0
BRDA:39,7,1,0
BRDA:58,8,0,0
BRDA:58,8,1,0
BRDA:58,9,0,0
BRDA:58,9,1,0
BRDA:66,10,0,0
BRDA:66,10,1,0
BRDA:74,11,0,0
BRDA:74,11,1,0
BRDA:80,12,0,0
BRDA:80,12,1,0
BRDA:84,13,0,0
BRDA:84,13,1,0
BRDA:89,14,0,0
BRDA:89,14,1,0
BRDA:106,15,0,0
BRDA:106,15,1,0
BRDA:107,16,0,0
BRDA:107,16,1,0
BRDA:109,17,0,0
BRDA:109,17,1,0
BRDA:125,18,0,0
BRDA:125,18,1,0
BRDA:133,19,0,0
BRDA:133,19,1,0
BRDA:133,20,0,0
BRDA:133,20,1,0
BRF:40
BRH:0
end_of_record
TN:
SF:src/middlewares/metrics.middleware.js
FN:89,(anonymous_0)
FN:95,(anonymous_1)
FN:115,(anonymous_2)
FN:119,(anonymous_3)
FN:123,(anonymous_4)
FN:127,(anonymous_5)
FN:131,(anonymous_6)
FN:135,(anonymous_7)
FN:139,(anonymous_8)
FN:143,(anonymous_9)
FN:147,(anonymous_10)
FNF:11
FNH:0
FNDA:0,(anonymous_0)
FNDA:0,(anonymous_1)
FNDA:0,(anonymous_2)
FNDA:0,(anonymous_3)
FNDA:0,(anonymous_4)
FNDA:0,(anonymous_5)
FNDA:0,(anonymous_6)
FNDA:0,(anonymous_7)
FNDA:0,(anonymous_8)
FNDA:0,(anonymous_9)
FNDA:0,(anonymous_10)
DA:1,0
DA:3,0
DA:4,0
DA:6,0
DA:8,0
DA:15,0
DA:21,0
DA:26,0
DA:31,0
DA:36,0
DA:41,0
DA:47,0
DA:52,0
DA:58,0
DA:64,0
DA:70,0
DA:76,0
DA:77,0
DA:78,0
DA:79,0
DA:80,0
DA:81,0
DA:82,0
DA:83,0
DA:84,0
DA:85,0
DA:86,0
DA:87,0
DA:89,0
DA:90,0
DA:92,0
DA:94,0
DA:95,0
DA:96,0
DA:97,0
DA:99,0
DA:103,0
DA:107,0
DA:109,0
DA:112,0
DA:115,0
DA:116,0
DA:119,0
DA:120,0
DA:123,0
DA:124,0
DA:127,0
DA:128,0
DA:131,0
DA:132,0
DA:135,0
DA:136,0
DA:139,0
DA:140,0
DA:143,0
DA:144,0
DA:147,0
DA:148,0
DA:151,0
LF:59
LH:0
BRDA:97,0,0,0
BRDA:97,0,1,0
BRF:2
BRH:0
end_of_record
TN:
SF:src/middlewares/security.middleware.js
FN:59,(anonymous_0)
FNF:1
FNH:0
FNDA:0,(anonymous_0)
DA:1,0
DA:2,0
DA:5,0
DA:23,0
DA:35,0
DA:47,0
DA:59,0
DA:61,0
DA:69,0
DA:71,0
DA:72,0
DA:73,0
DA:79,0
DA:87,0
DA:88,0
DA:89,0
DA:95,0
DA:98,0
LF:18
LH:0
BRDA:69,0,0,0
BRDA:69,0,1,0
BRDA:69,1,0,0
BRDA:69,1,1,0
BRDA:72,2,0,0
BRDA:72,2,1,0
BRDA:87,3,0,0
BRDA:87,3,1,0
BRDA:88,4,0,0
BRDA:88,4,1,0
BRF:10
BRH:0
end_of_record
TN:
SF:src/middlewares/sentry.middleware.js
FN:10,(anonymous_0)
FN:30,(anonymous_1)
FN:55,(anonymous_2)
FN:56,(anonymous_3)
FN:58,(anonymous_4)
FN:86,(anonymous_5)
FN:87,(anonymous_6)
FN:109,(anonymous_7)
FN:110,(anonymous_8)
FN:121,(anonymous_9)
FN:134,(anonymous_10)
FN:141,(anonymous_11)
FNF:12
FNH:0
FNDA:0,(anonymous_0)
FNDA:0,(anonymous_1)
FNDA:0,(anonymous_2)
FNDA:0,(anonymous_3)
FNDA:0,(anonymous_4)
FNDA:0,(anonymous_5)
FNDA:0,(anonymous_6)
FNDA:0,(anonymous_7)
FNDA:0,(anonymous_8)
FNDA:0,(anonymous_9)
FNDA:0,(anonymous_10)
FNDA:0,(anonymous_11)
DA:1,0
DA:10,0
DA:11,0
DA:12,0
DA:20,0
DA:21,0
DA:24,0
DA:30,0
DA:32,0
DA:46,0
DA:47,0
DA:49,0
DA:55,0
DA:56,0
DA:57,0
DA:60,0
DA:78,0
DA:86,0
DA:87,0
DA:88,0
DA:89,0
DA:102,0
DA:109,0
DA:110,0
DA:111,0
DA:117,0
DA:118,0
DA:121,0
DA:122,0
DA:123,0
DA:127,0
DA:134,0
DA:135,0
DA:141,0
DA:142,0
DA:147,0
LF:36
LH:0
BRDA:11,0,0,0
BRDA:11,0,1,0
BRDA:13,1,0,0
BRDA:13,1,1,0
BRDA:16,2,0,0
BRDA:16,2,1,0
BRDA:20,3,0,0
BRDA:20,3,1,0
BRDA:21,4,0,0
BRDA:21,4,1,0
BRDA:47,5,0,0
BRDA:47,5,1,0
BRDA:61,6,0,0
BRDA:61,6,1,0
BRDA:62,7,0,0
BRDA:62,7,1,0
BRDA:66,8,0,0
BRDA:66,8,1,0
BRDA:67,9,0,0
BRDA:67,9,1,0
BRDA:88,10,0,0
BRDA:88,10,1,0
BRDA:96,11,0,0
BRDA:96,11,1,0
BRDA:117,12,0,0
BRDA:117,12,1,0
BRDA:134,13,0,0
BRDA:134,14,0,0
BRDA:141,15,0,0
BRF:29
BRH:0
end_of_record
TN:
SF:src/middlewares/validation.middleware.js
FN:13,(anonymous_0)
FN:33,sanitizeObject
FN:41,(anonymous_2)
FN:222,(anonymous_3)
FNF:4
FNH:0
FNDA:0,(anonymous_0)
FNDA:0,sanitizeObject
FNDA:0,(anonymous_2)
FNDA:0,(anonymous_3)
DA:1,0
DA:2,0
DA:3,0
DA:6,0
DA:13,0
DA:15,0
DA:16,0
DA:20,0
DA:21,0
DA:25,0
DA:26,0
DA:29,0
DA:34,0
DA:36,0
DA:37,0
DA:40,0
DA:41,0
DA:44,0
DA:45,0
DA:46,0
DA:47,0
DA:49,0
DA:52,0
DA:56,0
DA:63,0
DA:81,0
DA:94,0
DA:122,0
DA:155,0
DA:180,0
DA:192,0
DA:222,0
DA:223,0
DA:224,0
DA:225,0
DA:230,0
LF:36
LH:0
BRDA:15,0,0,0
BRDA:15,0,1,0
BRDA:20,1,0,0
BRDA:20,1,1,0
BRDA:25,2,0,0
BRDA:25,2,1,0
BRDA:34,3,0,0
BRDA:34,3,1,0
BRDA:36,4,0,0
BRDA:36,4,1,0
BRDA:40,5,0,0
BRDA:40,5,1,0
BRDA:44,6,0,0
BRDA:44,6,1,0
BRDA:224,7,0,0
BRDA:224,7,1,0
BRF:16
BRH:0
end_of_record
TN:
SF:src/models/garmindata.model.js
FN:200,(anonymous_0)
FN:238,(anonymous_1)
FN:289,(anonymous_2)
FN:296,(anonymous_3)
FN:303,(anonymous_4)
FN:313,(anonymous_5)
FN:338,(anonymous_6)
FN:367,(anonymous_7)
FNF:8
FNH:0
FNDA:0,(anonymous_0)
FNDA:0,(anonymous_1)
FNDA:0,(anonymous_2)
FNDA:0,(anonymous_3)
FNDA:0,(anonymous_4)
FNDA:0,(anonymous_5)
FNDA:0,(anonymous_6)
FNDA:0,(anonymous_7)
DA:1,0
DA:3,0
DA:16,0
DA:32,0
DA:44,0
DA:67,0
DA:78,0
DA:188,0
DA:189,0
DA:190,0
DA:191,0
DA:192,0
DA:195,0
DA:196,0
DA:197,0
DA:200,0
DA:201,0
DA:202,0
DA:205,0
DA:206,0
DA:207,0
DA:208,0
DA:212,0
DA:213,0
DA:214,0
DA:218,0
DA:219,0
DA:220,0
DA:221,0
DA:225,0
DA:226,0
DA:227,0
DA:228,0
DA:231,0
DA:232,0
DA:235,0
DA:238,0
DA:239,0
DA:242,0
DA:243,0
DA:244,0
DA:249,0
DA:250,0
DA:259,0
DA:260,0
DA:261,0
DA:262,0
DA:267,0
DA:268,0
DA:277,0
DA:278,0
DA:285,0
DA:286,0
DA:289,0
DA:290,0
DA:291,0
DA:292,0
DA:296,0
DA:297,0
DA:298,0
DA:300,0
DA:303,0
DA:304,0
DA:308,0
DA:310,0
DA:313,0
DA:314,0
DA:315,0
DA:316,0
DA:318,0
DA:338,0
DA:339,0
DA:340,0
DA:341,0
DA:343,0
DA:367,0
DA:369,0
DA:370,0
DA:374,0
DA:375,0
DA:378,0
DA:381,0
LF:82
LH:0
BRDA:205,0,0,0
BRDA:205,0,1,0
BRDA:212,1,0,0
BRDA:212,1,1,0
BRDA:218,2,0,0
BRDA:218,2,1,0
BRDA:225,3,0,0
BRDA:225,3,1,0
BRDA:231,4,0,0
BRDA:231,4,1,0
BRDA:242,5,0,0
BRDA:242,5,1,0
BRDA:243,6,0,0
BRDA:243,6,1,0
BRDA:249,7,0,0
BRDA:249,7,1,0
BRDA:259,8,0,0
BRDA:259,8,1,0
BRDA:261,9,0,0
BRDA:261,9,1,0
BRDA:267,10,0,0
BRDA:267,10,1,0
BRDA:277,11,0,0
BRDA:277,11,1,0
BRDA:296,12,0,0
BRDA:298,13,0,0
BRDA:298,13,1,0
BRDA:303,14,0,0
BRDA:308,15,0,0
BRDA:308,15,1,0
BRDA:313,16,0,0
BRDA:338,17,0,0
BRDA:369,18,0,0
BRDA:369,18,1,0
BRDA:374,19,0,0
BRDA:374,19,1,0
BRDA:381,20,0,0
BRDA:381,20,1,0
BRF:38
BRH:0
end_of_record
TN:
SF:src/models/health.model.js
FNF:0
FNH:0
DA:1,0
DA:3,0
DA:84,0
LF:3
LH:0
BRDA:84,0,0,0
BRDA:84,0,1,0
BRF:2
BRH:0
end_of_record
TN:
SF:src/models/meal.model.js
FNF:0
FNH:0
DA:1,0
DA:3,0
DA:67,0
LF:3
LH:0
BRDA:67,0,0,0
BRDA:67,0,1,0
BRF:2
BRH:0
end_of_record
TN:
SF:src/models/nutritionplan.model.js
FN:271,(anonymous_0)
FN:274,(anonymous_1)
FN:279,(anonymous_2)
FN:282,(anonymous_3)
FN:289,(anonymous_4)
FN:292,(anonymous_5)
FN:307,(anonymous_6)
FN:309,(anonymous_7)
FN:314,(anonymous_8)
FN:320,(anonymous_9)
FN:328,(anonymous_10)
FN:335,(anonymous_11)
FN:342,(anonymous_12)
FN:347,(anonymous_13)
FN:348,(anonymous_14)
FN:353,(anonymous_15)
FN:367,(anonymous_16)
FN:369,(anonymous_17)
FN:374,(anonymous_18)
FNF:19
FNH:0
FNDA:0,(anonymous_0)
FNDA:0,(anonymous_1)
FNDA:0,(anonymous_2)
FNDA:0,(anonymous_3)
FNDA:0,(anonymous_4)
FNDA:0,(anonymous_5)
FNDA:0,(anonymous_6)
FNDA:0,(anonymous_7)
FNDA:0,(anonymous_8)
FNDA:0,(anonymous_9)
FNDA:0,(anonymous_10)
FNDA:0,(anonymous_11)
FNDA:0,(anonymous_12)
FNDA:0,(anonymous_13)
FNDA:0,(anonymous_14)
FNDA:0,(anonymous_15)
FNDA:0,(anonymous_16)
FNDA:0,(anonymous_17)
FNDA:0,(anonymous_18)
DA:1,0
DA:3,0
DA:57,0
DA:105,0
DA:130,0
DA:265,0
DA:266,0
DA:267,0
DA:268,0
DA:271,0
DA:272,0
DA:274,0
DA:275,0
DA:279,0
DA:280,0
DA:282,0
DA:283,0
DA:286,0
DA:289,0
DA:290,0
DA:292,0
DA:293,0
DA:300,0
DA:307,0
DA:308,0
DA:309,0
DA:310,0
DA:314,0
DA:315,0
DA:316,0
DA:320,0
DA:321,0
DA:322,0
DA:323,0
DA:325,0
DA:328,0
DA:329,0
DA:335,0
DA:336,0
DA:342,0
DA:344,0
DA:347,0
DA:348,0
DA:349,0
DA:353,0
DA:360,0
DA:363,0
DA:367,0
DA:369,0
DA:370,0
DA:374,0
DA:381,0
DA:384,0
LF:53
LH:0
BRDA:272,0,0,0
BRDA:272,0,1,0
BRDA:275,1,0,0
BRDA:275,1,1,0
BRDA:280,2,0,0
BRDA:280,2,1,0
BRDA:283,3,0,0
BRDA:283,3,1,0
BRDA:290,4,0,0
BRDA:290,4,1,0
BRDA:294,5,0,0
BRDA:294,5,1,0
BRDA:295,6,0,0
BRDA:295,6,1,0
BRDA:296,7,0,0
BRDA:296,7,1,0
BRDA:320,8,0,0
BRDA:322,9,0,0
BRDA:322,9,1,0
BRDA:335,10,0,0
BRDA:349,11,0,0
BRDA:349,11,1,0
BRDA:354,12,0,0
BRDA:354,12,1,0
BRDA:355,13,0,0
BRDA:355,13,1,0
BRDA:356,14,0,0
BRDA:356,14,1,0
BRDA:357,15,0,0
BRDA:357,15,1,0
BRDA:370,16,0,0
BRDA:370,16,1,0
BRDA:375,17,0,0
BRDA:375,17,1,0
BRDA:376,18,0,0
BRDA:376,18,1,0
BRDA:377,19,0,0
BRDA:377,19,1,0
BRDA:378,20,0,0
BRDA:378,20,1,0
BRDA:384,21,0,0
BRDA:384,21,1,0
BRF:42
BRH:0
end_of_record
TN:
SF:src/models/paymenthistory.model.js
FN:262,(anonymous_0)
FN:266,(anonymous_1)
FN:276,(anonymous_2)
FN:280,(anonymous_3)
FN:293,(anonymous_4)
FN:308,(anonymous_5)
FN:316,(anonymous_6)
FN:323,(anonymous_7)
FN:336,(anonymous_8)
FN:362,(anonymous_9)
FN:387,(anonymous_10)
FN:394,(anonymous_11)
FNF:12
FNH:0
FNDA:0,(anonymous_0)
FNDA:0,(anonymous_1)
FNDA:0,(anonymous_2)
FNDA:0,(anonymous_3)
FNDA:0,(anonymous_4)
FNDA:0,(anonymous_5)
FNDA:0,(anonymous_6)
FNDA:0,(anonymous_7)
FNDA:0,(anonymous_8)
FNDA:0,(anonymous_9)
FNDA:0,(anonymous_10)
FNDA:0,(anonymous_11)
DA:1,0
DA:3,0
DA:17,0
DA:27,0
DA:38,0
DA:63,0
DA:249,0
DA:250,0
DA:251,0
DA:252,0
DA:253,0
DA:254,0
DA:257,0
DA:258,0
DA:259,0
DA:262,0
DA:263,0
DA:266,0
DA:267,0
DA:268,0
DA:269,0
DA:271,0
DA:276,0
DA:277,0
DA:280,0
DA:281,0
DA:282,0
DA:284,0
DA:285,0
DA:286,0
DA:287,0
DA:290,0
DA:293,0
DA:294,0
DA:295,0
DA:299,0
DA:305,0
DA:308,0
DA:309,0
DA:316,0
DA:317,0
DA:323,0
DA:324,0
DA:329,0
DA:330,0
DA:333,0
DA:336,0
DA:337,0
DA:362,0
DA:363,0
DA:364,0
DA:366,0
DA:387,0
DA:388,0
DA:394,0
DA:396,0
DA:397,0
DA:400,0
DA:401,0
DA:402,0
DA:404,0
DA:409,0
DA:410,0
DA:413,0
DA:414,0
DA:418,0
DA:419,0
DA:422,0
DA:425,0
LF:69
LH:0
BRDA:271,0,0,0
BRDA:271,0,1,0
BRDA:271,0,2,0
BRDA:284,1,0,0
BRDA:284,1,1,0
BRDA:286,2,0,0
BRDA:286,2,1,0
BRDA:294,3,0,0
BRDA:294,3,1,0
BRDA:305,4,0,0
BRDA:305,4,1,0
BRDA:309,5,0,0
BRDA:309,5,1,0
BRDA:309,5,2,0
BRDA:309,5,3,0
BRDA:309,5,4,0
BRDA:316,6,0,0
BRDA:323,7,0,0
BRDA:329,8,0,0
BRDA:329,8,1,0
BRDA:362,9,0,0
BRDA:396,10,0,0
BRDA:396,10,1,0
BRDA:396,11,0,0
BRDA:396,11,1,0
BRDA:400,12,0,0
BRDA:400,12,1,0
BRDA:401,13,0,0
BRDA:401,13,1,0
BRDA:409,14,0,0
BRDA:409,14,1,0
BRDA:409,15,0,0
BRDA:409,15,1,0
BRDA:418,16,0,0
BRDA:418,16,1,0
BRDA:418,17,0,0
BRDA:418,17,1,0
BRDA:418,17,2,0
BRDA:425,18,0,0
BRDA:425,18,1,0
BRF:40
BRH:0
end_of_record
TN:
SF:src/models/user.model.js
FN:200,(anonymous_0)
FN:207,(anonymous_1)
FNF:2
FNH:0
FNDA:0,(anonymous_0)
FNDA:0,(anonymous_1)
DA:1,0
DA:2,0
DA:4,0
DA:200,0
DA:201,0
DA:202,0
DA:204,0
DA:207,0
DA:208,0
DA:211,0
LF:10
LH:0
BRDA:201,0,0,0
BRDA:201,0,1,0
BRDA:211,1,0,0
BRDA:211,1,1,0
BRF:4
BRH:0
end_of_record
TN:
SF:src/models/workoutplan.model.js
FN:221,(anonymous_0)
FN:222,(anonymous_1)
FN:227,(anonymous_2)
FN:228,(anonymous_3)
FN:233,(anonymous_4)
FN:237,(anonymous_5)
FN:243,(anonymous_6)
FN:249,(anonymous_7)
FN:256,(anonymous_8)
FN:263,(anonymous_9)
FNF:10
FNH:0
FNDA:0,(anonymous_0)
FNDA:0,(anonymous_1)
FNDA:0,(anonymous_2)
FNDA:0,(anonymous_3)
FNDA:0,(anonymous_4)
FNDA:0,(anonymous_5)
FNDA:0,(anonymous_6)
FNDA:0,(anonymous_7)
FNDA:0,(anonymous_8)
FNDA:0,(anonymous_9)
DA:1,0
DA:3,0
DA:65,0
DA:214,0
DA:215,0
DA:216,0
DA:217,0
DA:218,0
DA:221,0
DA:222,0
DA:223,0
DA:227,0
DA:228,0
DA:229,0
DA:233,0
DA:234,0
DA:237,0
DA:238,0
DA:239,0
DA:243,0
DA:244,0
DA:245,0
DA:246,0
DA:249,0
DA:250,0
DA:256,0
DA:257,0
DA:263,0
DA:265,0
DA:268,0
DA:269,0
DA:272,0
DA:275,0
LF:33
LH:0
BRDA:223,0,0,0
BRDA:223,0,1,0
BRDA:229,1,0,0
BRDA:229,1,1,0
BRDA:243,2,0,0
BRDA:245,3,0,0
BRDA:245,3,1,0
BRDA:256,4,0,0
BRDA:268,5,0,0
BRDA:268,5,1,0
BRDA:268,6,0,0
BRDA:268,6,1,0
BRDA:275,7,0,0
BRDA:275,7,1,0
BRF:14
BRH:0
end_of_record
TN:
SF:src/services/ai-chat.service.js
FN:5,(anonymous_0)
FN:91,(anonymous_1)
FN:122,(anonymous_2)
FN:141,(anonymous_3)
FN:163,(anonymous_4)
FN:191,(anonymous_5)
FN:264,(anonymous_6)
FN:278,(anonymous_7)
FN:287,(anonymous_8)
FN:312,(anonymous_9)
FN:355,(anonymous_10)
FN:373,(anonymous_11)
FN:400,(anonymous_12)
FN:413,(anonymous_13)
FN:426,(anonymous_14)
FN:439,(anonymous_15)
FN:451,(anonymous_16)
FN:460,(anonymous_17)
FN:473,(anonymous_18)
FNF:19
FNH:0
FNDA:0,(anonymous_0)
FNDA:0,(anonymous_1)
FNDA:0,(anonymous_2)
FNDA:0,(anonymous_3)
FNDA:0,(anonymous_4)
FNDA:0,(anonymous_5)
FNDA:0,(anonymous_6)
FNDA:0,(anonymous_7)
FNDA:0,(anonymous_8)
FNDA:0,(anonymous_9)
FNDA:0,(anonymous_10)
FNDA:0,(anonymous_11)
FNDA:0,(anonymous_12)
FNDA:0,(anonymous_13)
FNDA:0,(anonymous_14)
FNDA:0,(anonymous_15)
FNDA:0,(anonymous_16)
FNDA:0,(anonymous_17)
FNDA:0,(anonymous_18)
DA:1,0
DA:2,0
DA:7,0
DA:8,0
DA:11,0
DA:12,0
DA:15,0
DA:18,0
DA:19,0
DA:22,0
DA:26,0
DA:27,0
DA:29,0
DA:30,0
DA:31,0
DA:35,0
DA:92,0
DA:101,0
DA:103,0
DA:106,0
DA:107,0
DA:111,0
DA:114,0
DA:117,0
DA:123,0
DA:124,0
DA:127,0
DA:128,0
DA:130,0
DA:131,0
DA:132,0
DA:133,0
DA:137,0
DA:142,0
DA:153,0
DA:164,0
DA:169,0
DA:170,0
DA:172,0
DA:181,0
DA:192,0
DA:193,0
DA:196,0
DA:198,0
DA:248,0
DA:249,0
DA:251,0
DA:265,0
DA:267,0
DA:277,0
DA:278,0
DA:279,0
DA:283,0
DA:288,0
DA:290,0
DA:292,0
DA:293,0
DA:294,0
DA:295,0
DA:296,0
DA:300,0
DA:301,0
DA:302,0
DA:303,0
DA:304,0
DA:305,0
DA:308,0
DA:313,0
DA:320,0
DA:321,0
DA:322,0
DA:327,0
DA:328,0
DA:330,0
DA:331,0
DA:336,0
DA:337,0
DA:338,0
DA:343,0
DA:344,0
DA:346,0
DA:347,0
DA:351,0
DA:356,0
DA:374,0
DA:376,0
DA:378,0
DA:379,0
DA:380,0
DA:381,0
DA:382,0
DA:384,0
DA:388,0
DA:389,0
DA:390,0
DA:392,0
DA:396,0
DA:401,0
DA:403,0
DA:404,0
DA:405,0
DA:406,0
DA:408,0
DA:414,0
DA:416,0
DA:417,0
DA:418,0
DA:419,0
DA:421,0
DA:427,0
DA:435,0
DA:440,0
DA:441,0
DA:444,0
DA:445,0
DA:447,0
DA:452,0
DA:453,0
DA:454,0
DA:455,0
DA:461,0
DA:466,0
DA:467,0
DA:469,0
DA:477,0
DA:490,0
LF:126
LH:0
BRDA:7,0,0,0
BRDA:7,0,1,0
BRDA:8,1,0,0
BRDA:8,1,1,0
BRDA:11,2,0,0
BRDA:11,2,1,0
BRDA:18,3,0,0
BRDA:18,3,1,0
BRDA:26,4,0,0
BRDA:26,4,1,0
BRDA:27,5,0,0
BRDA:27,5,1,0
BRDA:29,6,0,0
BRDA:29,6,1,0
BRDA:91,7,0,0
BRDA:97,8,0,0
BRDA:98,9,0,0
BRDA:99,10,0,0
BRDA:100,11,0,0
BRDA:103,12,0,0
BRDA:103,12,1,0
BRDA:106,13,0,0
BRDA:106,13,1,0
BRDA:123,14,0,0
BRDA:123,14,1,0
BRDA:130,15,0,0
BRDA:130,15,1,0
BRDA:130,16,0,0
BRDA:130,16,1,0
BRDA:132,17,0,0
BRDA:132,17,1,0
BRDA:132,18,0,0
BRDA:132,18,1,0
BRDA:163,19,0,0
BRDA:191,20,0,0
BRDA:193,21,0,0
BRDA:193,21,1,0
BRDA:248,22,0,0
BRDA:248,22,1,0
BRDA:259,23,0,0
BRDA:259,23,1,0
BRDA:278,24,0,0
BRDA:278,24,1,0
BRDA:292,25,0,0
BRDA:292,25,1,0
BRDA:293,26,0,0
BRDA:293,26,1,0
BRDA:295,27,0,0
BRDA:295,27,1,0
BRDA:300,28,0,0
BRDA:300,28,1,0
BRDA:302,29,0,0
BRDA:302,29,1,0
BRDA:303,30,0,0
BRDA:303,30,1,0
BRDA:304,31,0,0
BRDA:304,31,1,0
BRDA:305,32,0,0
BRDA:305,32,1,0
BRDA:320,33,0,0
BRDA:320,33,1,0
BRDA:336,34,0,0
BRDA:336,34,1,0
BRDA:374,35,0,0
BRDA:374,35,1,0
BRDA:378,36,0,0
BRDA:378,36,1,0
BRDA:379,37,0,0
BRDA:379,37,1,0
BRDA:381,38,0,0
BRDA:381,38,1,0
BRDA:388,39,0,0
BRDA:388,39,1,0
BRDA:389,40,0,0
BRDA:389,40,1,0
BRDA:396,41,0,0
BRDA:396,41,1,0
BRDA:401,42,0,0
BRDA:401,42,1,0
BRDA:403,43,0,0
BRDA:403,43,1,0
BRDA:405,44,0,0
BRDA:405,44,1,0
BRDA:414,45,0,0
BRDA:414,45,1,0
BRDA:416,46,0,0
BRDA:416,46,1,0
BRDA:418,47,0,0
BRDA:418,47,1,0
BRDA:439,48,0,0
BRDA:440,49,0,0
BRDA:440,49,1,0
BRDA:440,50,0,0
BRDA:440,50,1,0
BRDA:444,51,0,0
BRDA:444,51,1,0
BRDA:445,52,0,0
BRDA:445,52,1,0
BRDA:452,53,0,0
BRDA:452,53,1,0
BRDA:452,53,2,0
BRDA:467,54,0,0
BRDA:467,54,1,0
BRDA:473,55,0,0
BRF:104
BRH:0
end_of_record
TN:
SF:src/services/analytics.service.js
FN:10,(anonymous_0)
FN:36,(anonymous_1)
FN:64,(anonymous_2)
FN:72,(anonymous_3)
FN:77,(anonymous_4)
FN:87,(anonymous_5)
FN:118,(anonymous_6)
FN:134,(anonymous_7)
FN:139,(anonymous_8)
FN:140,(anonymous_9)
FN:144,(anonymous_10)
FN:156,(anonymous_11)
FN:184,(anonymous_12)
FN:206,(anonymous_13)
FN:234,(anonymous_14)
FN:256,(anonymous_15)
FN:278,(anonymous_16)
FN:299,(anonymous_17)
FN:317,(anonymous_18)
FN:335,(anonymous_19)
FN:354,(anonymous_20)
FN:369,(anonymous_21)
FN:387,(anonymous_22)
FN:398,(anonymous_23)
FN:417,(anonymous_24)
FN:430,(anonymous_25)
FN:447,(anonymous_26)
FN:478,(anonymous_27)
FN:519,(anonymous_28)
FN:532,(anonymous_29)
FNF:30
FNH:0
FNDA:0,(anonymous_0)
FNDA:0,(anonymous_1)
FNDA:0,(anonymous_2)
FNDA:0,(anonymous_3)
FNDA:0,(anonymous_4)
FNDA:0,(anonymous_5)
FNDA:0,(anonymous_6)
FNDA:0,(anonymous_7)
FNDA:0,(anonymous_8)
FNDA:0,(anonymous_9)
FNDA:0,(anonymous_10)
FNDA:0,(anonymous_11)
FNDA:0,(anonymous_12)
FNDA:0,(anonymous_13)
FNDA:0,(anonymous_14)
FNDA:0,(anonymous_15)
FNDA:0,(anonymous_16)
FNDA:0,(anonymous_17)
FNDA:0,(anonymous_18)
FNDA:0,(anonymous_19)
FNDA:0,(anonymous_20)
FNDA:0,(anonymous_21)
FNDA:0,(anonymous_22)
FNDA:0,(anonymous_23)
FNDA:0,(anonymous_24)
FNDA:0,(anonymous_25)
FNDA:0,(anonymous_26)
FNDA:0,(anonymous_27)
FNDA:0,(anonymous_28)
FNDA:0,(anonymous_29)
DA:1,0
DA:2,0
DA:3,0
DA:11,0
DA:12,0
DA:13,0
DA:14,0
DA:16,0
DA:28,0
DA:30,0
DA:37,0
DA:38,0
DA:39,0
DA:42,0
DA:44,0
DA:45,0
DA:46,0
DA:48,0
DA:55,0
DA:57,0
DA:65,0
DA:66,0
DA:67,0
DA:68,0
DA:70,0
DA:72,0
DA:73,0
DA:74,0
DA:77,0
DA:78,0
DA:79,0
DA:88,0
DA:89,0
DA:90,0
DA:103,0
DA:105,0
DA:111,0
DA:119,0
DA:135,0
DA:136,0
DA:139,0
DA:140,0
DA:142,0
DA:144,0
DA:157,0
DA:158,0
DA:159,0
DA:161,0
DA:162,0
DA:165,0
DA:168,0
DA:169,0
DA:172,0
DA:174,0
DA:185,0
DA:187,0
DA:189,0
DA:190,0
DA:191,0
DA:193,0
DA:196,0
DA:207,0
DA:208,0
DA:215,0
DA:216,0
DA:217,0
DA:223,0
DA:235,0
DA:243,0
DA:244,0
DA:257,0
DA:259,0
DA:267,0
DA:269,0
DA:279,0
DA:286,0
DA:288,0
DA:300,0
DA:307,0
DA:318,0
DA:325,0
DA:327,0
DA:328,0
DA:336,0
DA:343,0
DA:344,0
DA:355,0
DA:361,0
DA:362,0
DA:370,0
DA:377,0
DA:388,0
DA:398,0
DA:418,0
DA:419,0
DA:420,0
DA:422,0
DA:423,0
DA:424,0
DA:426,0
DA:427,0
DA:428,0
DA:430,0
DA:431,0
DA:435,0
DA:437,0
DA:440,0
DA:448,0
DA:449,0
DA:451,0
DA:452,0
DA:455,0
DA:467,0
DA:472,0
DA:479,0
DA:482,0
DA:483,0
DA:495,0
DA:496,0
DA:497,0
DA:505,0
DA:506,0
DA:513,0
DA:520,0
DA:521,0
DA:522,0
DA:524,0
DA:525,0
DA:526,0
DA:528,0
DA:529,0
DA:531,0
DA:532,0
DA:533,0
DA:536,0
DA:537,0
DA:539,0
DA:540,0
DA:544,0
DA:549,0
DA:551,0
DA:554,0
DA:560,0
LF:143
LH:0
BRDA:135,0,0,0
BRDA:135,0,1,0
BRDA:161,1,0,0
BRDA:161,1,1,0
BRDA:168,2,0,0
BRDA:168,2,1,0
BRDA:184,3,0,0
BRDA:185,4,0,0
BRDA:185,4,1,0
BRDA:189,5,0,0
BRDA:189,5,1,0
BRDA:206,6,0,0
BRDA:207,7,0,0
BRDA:207,7,1,0
BRDA:234,8,0,0
BRDA:243,9,0,0
BRDA:243,9,1,0
BRDA:256,10,0,0
BRDA:278,11,0,0
BRDA:299,12,0,0
BRDA:327,13,0,0
BRDA:327,13,1,0
BRDA:343,14,0,0
BRDA:343,14,1,0
BRDA:361,15,0,0
BRDA:361,15,1,0
BRDA:417,16,0,0
BRDA:447,17,0,0
BRDA:451,18,0,0
BRDA:451,18,1,0
BRDA:460,19,0,0
BRDA:460,19,1,0
BRDA:461,20,0,0
BRDA:461,20,1,0
BRDA:462,21,0,0
BRDA:462,21,1,0
BRDA:482,22,0,0
BRDA:482,22,1,0
BRDA:496,23,0,0
BRDA:496,23,1,0
BRDA:496,24,0,0
BRDA:496,24,1,0
BRDA:505,25,0,0
BRDA:505,25,1,0
BRDA:519,26,0,0
BRDA:539,27,0,0
BRDA:539,27,1,0
BRF:47
BRH:0
end_of_record
TN:
SF:src/services/backup.service.js
FN:12,(anonymous_0)
FN:64,(anonymous_1)
FN:76,(anonymous_2)
FN:109,(anonymous_3)
FN:110,(anonymous_4)
FN:111,(anonymous_5)
FN:126,(anonymous_6)
FN:131,(anonymous_7)
FN:145,(anonymous_8)
FN:161,(anonymous_9)
FN:182,(anonymous_10)
FN:193,(anonymous_11)
FN:264,(anonymous_12)
FN:265,(anonymous_13)
FN:280,(anonymous_14)
FN:287,(anonymous_15)
FN:305,(anonymous_16)
FN:306,(anonymous_17)
FN:310,(anonymous_18)
FN:329,(anonymous_19)
FN:339,(anonymous_20)
FN:352,(anonymous_21)
FN:399,(anonymous_22)
FN:427,(anonymous_23)
FN:428,(anonymous_24)
FN:468,(anonymous_25)
FN:469,(anonymous_26)
FN:473,(anonymous_27)
FN:487,(anonymous_28)
FN:516,(anonymous_29)
FN:533,(anonymous_30)
FN:546,(anonymous_31)
FN:548,(anonymous_32)
FN:564,(anonymous_33)
FN:581,(anonymous_34)
FN:582,(anonymous_35)
FN:585,(anonymous_36)
FN:600,(anonymous_37)
FN:615,(anonymous_38)
FN:618,(anonymous_39)
FN:620,(anonymous_40)
FN:639,(anonymous_41)
FN:670,(anonymous_42)
FN:682,(anonymous_43)
FN:685,(anonymous_44)
FN:706,(anonymous_45)
FN:738,(anonymous_46)
FN:746,(anonymous_47)
FN:754,(anonymous_48)
FN:762,(anonymous_49)
FN:763,(anonymous_50)
FN:777,(anonymous_51)
FNF:52
FNH:0
FNDA:0,(anonymous_0)
FNDA:0,(anonymous_1)
FNDA:0,(anonymous_2)
FNDA:0,(anonymous_3)
FNDA:0,(anonymous_4)
FNDA:0,(anonymous_5)
FNDA:0,(anonymous_6)
FNDA:0,(anonymous_7)
FNDA:0,(anonymous_8)
FNDA:0,(anonymous_9)
FNDA:0,(anonymous_10)
FNDA:0,(anonymous_11)
FNDA:0,(anonymous_12)
FNDA:0,(anonymous_13)
FNDA:0,(anonymous_14)
FNDA:0,(anonymous_15)
FNDA:0,(anonymous_16)
FNDA:0,(anonymous_17)
FNDA:0,(anonymous_18)
FNDA:0,(anonymous_19)
FNDA:0,(anonymous_20)
FNDA:0,(anonymous_21)
FNDA:0,(anonymous_22)
FNDA:0,(anonymous_23)
FNDA:0,(anonymous_24)
FNDA:0,(anonymous_25)
FNDA:0,(anonymous_26)
FNDA:0,(anonymous_27)
FNDA:0,(anonymous_28)
FNDA:0,(anonymous_29)
FNDA:0,(anonymous_30)
FNDA:0,(anonymous_31)
FNDA:0,(anonymous_32)
FNDA:0,(anonymous_33)
FNDA:0,(anonymous_34)
FNDA:0,(anonymous_35)
FNDA:0,(anonymous_36)
FNDA:0,(anonymous_37)
FNDA:0,(anonymous_38)
FNDA:0,(anonymous_39)
FNDA:0,(anonymous_40)
FNDA:0,(anonymous_41)
FNDA:0,(anonymous_42)
FNDA:0,(anonymous_43)
FNDA:0,(anonymous_44)
FNDA:0,(anonymous_45)
FNDA:0,(anonymous_46)
FNDA:0,(anonymous_47)
FNDA:0,(anonymous_48)
FNDA:0,(anonymous_49)
FNDA:0,(anonymous_50)
FNDA:0,(anonymous_51)
DA:1,0
DA:2,0
DA:3,0
DA:4,0
DA:5,0
DA:13,0
DA:14,0
DA:15,0
DA:16,0
DA:17,0
DA:20,0
DA:58,0
DA:65,0
DA:66,0
DA:67,0
DA:69,0
DA:77,0
DA:79,0
DA:82,0
DA:83,0
DA:84,0
DA:88,0
DA:91,0
DA:93,0
DA:94,0
DA:101,0
DA:102,0
DA:110,0
DA:111,0
DA:112,0
DA:113,0
DA:114,0
DA:116,0
DA:117,0
DA:127,0
DA:129,0
DA:130,0
DA:131,0
DA:132,0
DA:133,0
DA:136,0
DA:137,0
DA:138,0
DA:142,0
DA:143,0
DA:144,0
DA:145,0
DA:146,0
DA:147,0
DA:150,0
DA:151,0
DA:152,0
DA:159,0
DA:160,0
DA:161,0
DA:162,0
DA:163,0
DA:166,0
DA:167,0
DA:168,0
DA:175,0
DA:183,0
DA:187,0
DA:194,0
DA:195,0
DA:196,0
DA:197,0
DA:199,0
DA:200,0
DA:203,0
DA:206,0
DA:207,0
DA:208,0
DA:210,0
DA:214,0
DA:215,0
DA:219,0
DA:220,0
DA:223,0
DA:224,0
DA:226,0
DA:234,0
DA:244,0
DA:245,0
DA:251,0
DA:265,0
DA:267,0
DA:270,0
DA:272,0
DA:275,0
DA:276,0
DA:279,0
DA:280,0
DA:281,0
DA:285,0
DA:287,0
DA:288,0
DA:289,0
DA:290,0
DA:293,0
DA:294,0
DA:297,0
DA:306,0
DA:307,0
DA:308,0
DA:310,0
DA:311,0
DA:312,0
DA:313,0
DA:316,0
DA:321,0
DA:332,0
DA:333,0
DA:342,0
DA:353,0
DA:354,0
DA:355,0
DA:357,0
DA:359,0
DA:360,0
DA:362,0
DA:363,0
DA:365,0
DA:366,0
DA:367,0
DA:369,0
DA:370,0
DA:372,0
DA:373,0
DA:375,0
DA:378,0
DA:382,0
DA:383,0
DA:392,0
DA:400,0
DA:402,0
DA:403,0
DA:406,0
DA:409,0
DA:411,0
DA:412,0
DA:415,0
DA:416,0
DA:420,0
DA:421,0
DA:422,0
DA:425,0
DA:427,0
DA:428,0
DA:429,0
DA:430,0
DA:431,0
DA:433,0
DA:437,0
DA:439,0
DA:444,0
DA:451,0
DA:452,0
DA:457,0
DA:469,0
DA:470,0
DA:471,0
DA:473,0
DA:474,0
DA:475,0
DA:476,0
DA:479,0
DA:488,0
DA:489,0
DA:491,0
DA:493,0
DA:494,0
DA:496,0
DA:497,0
DA:498,0
DA:500,0
DA:501,0
DA:502,0
DA:504,0
DA:516,0
DA:519,0
DA:523,0
DA:525,0
DA:526,0
DA:534,0
DA:535,0
DA:536,0
DA:544,0
DA:546,0
DA:547,0
DA:548,0
DA:550,0
DA:557,0
DA:558,0
DA:560,0
DA:563,0
DA:564,0
DA:565,0
DA:566,0
DA:569,0
DA:571,0
DA:573,0
DA:574,0
DA:582,0
DA:583,0
DA:585,0
DA:586,0
DA:587,0
DA:588,0
DA:591,0
DA:592,0
DA:601,0
DA:603,0
DA:604,0
DA:605,0
DA:607,0
DA:609,0
DA:616,0
DA:617,0
DA:618,0
DA:620,0
DA:621,0
DA:622,0
DA:625,0
DA:626,0
DA:628,0
DA:629,0
DA:631,0
DA:632,0
DA:640,0
DA:641,0
DA:642,0
DA:644,0
DA:645,0
DA:646,0
DA:647,0
DA:649,0
DA:650,0
DA:651,0
DA:653,0
DA:670,0
DA:672,0
DA:674,0
DA:675,0
DA:683,0
DA:684,0
DA:685,0
DA:687,0
DA:688,0
DA:691,0
DA:698,0
DA:699,0
DA:707,0
DA:708,0
DA:709,0
DA:713,0
DA:715,0
DA:717,0
DA:719,0
DA:721,0
DA:723,0
DA:726,0
DA:731,0
DA:740,0
DA:748,0
DA:756,0
DA:763,0
DA:764,0
DA:765,0
DA:768,0
DA:769,0
DA:771,0
DA:778,0
DA:796,0
LF:274
LH:0
BRDA:14,0,0,0
BRDA:14,0,1,0
BRDA:23,1,0,0
BRDA:23,1,1,0
BRDA:24,2,0,0
BRDA:24,2,1,0
BRDA:28,3,0,0
BRDA:28,3,1,0
BRDA:29,4,0,0
BRDA:29,4,1,0
BRDA:30,5,0,0
BRDA:30,5,1,0
BRDA:34,6,0,0
BRDA:34,6,1,0
BRDA:35,7,0,0
BRDA:35,7,1,0
BRDA:36,8,0,0
BRDA:36,8,1,0
BRDA:40,9,0,0
BRDA:40,9,1,0
BRDA:48,10,0,0
BRDA:48,10,1,0
BRDA:51,11,0,0
BRDA:51,11,1,0
BRDA:67,12,0,0
BRDA:67,12,1,0
BRDA:112,13,0,0
BRDA:112,13,1,0
BRDA:129,14,0,0
BRDA:129,14,1,0
BRDA:142,15,0,0
BRDA:142,15,1,0
BRDA:159,16,0,0
BRDA:159,16,1,0
BRDA:187,17,0,0
BRDA:187,17,1,0
BRDA:193,18,0,0
BRDA:193,19,0,0
BRDA:207,20,0,0
BRDA:207,20,1,0
BRDA:214,21,0,0
BRDA:214,21,1,0
BRDA:214,22,0,0
BRDA:214,22,1,0
BRDA:219,23,0,0
BRDA:219,23,1,0
BRDA:264,24,0,0
BRDA:270,25,0,0
BRDA:270,25,1,0
BRDA:270,26,0,0
BRDA:270,26,1,0
BRDA:275,27,0,0
BRDA:275,27,1,0
BRDA:279,28,0,0
BRDA:279,28,1,0
BRDA:279,29,0,0
BRDA:279,29,1,0
BRDA:288,30,0,0
BRDA:288,30,1,0
BRDA:293,31,0,0
BRDA:293,31,1,0
BRDA:293,32,0,0
BRDA:293,32,1,0
BRDA:311,33,0,0
BRDA:311,33,1,0
BRDA:357,34,0,0
BRDA:357,34,1,0
BRDA:369,35,0,0
BRDA:369,35,1,0
BRDA:372,36,0,0
BRDA:372,36,1,0
BRDA:382,37,0,0
BRDA:382,37,1,0
BRDA:399,38,0,0
BRDA:411,39,0,0
BRDA:411,39,1,0
BRDA:415,40,0,0
BRDA:415,40,1,0
BRDA:421,41,0,0
BRDA:421,41,1,0
BRDA:429,42,0,0
BRDA:429,42,1,0
BRDA:474,43,0,0
BRDA:474,43,1,0
BRDA:487,44,0,0
BRDA:491,45,0,0
BRDA:491,45,1,0
BRDA:554,46,0,0
BRDA:554,46,1,0
BRDA:563,47,0,0
BRDA:563,47,1,0
BRDA:586,48,0,0
BRDA:586,48,1,0
BRDA:591,49,0,0
BRDA:591,49,1,0
BRDA:600,50,0,0
BRDA:601,51,0,0
BRDA:601,51,1,0
BRDA:604,52,0,0
BRDA:604,52,1,0
BRDA:621,53,0,0
BRDA:621,53,1,0
BRDA:639,54,0,0
BRDA:687,55,0,0
BRDA:687,55,1,0
BRDA:708,56,0,0
BRDA:708,56,1,0
BRDA:715,57,0,0
BRDA:715,57,1,0
BRDA:715,57,2,0
BRDA:715,57,3,0
BRF:111
BRH:0
end_of_record
TN:
SF:src/services/config.service.js
FN:9,(anonymous_0)
FN:18,(anonymous_1)
FN:156,(anonymous_2)
FN:258,(anonymous_3)
FN:284,(anonymous_4)
FN:298,(anonymous_5)
FN:318,(anonymous_6)
FN:338,(anonymous_7)
FN:356,(anonymous_8)
FN:375,(anonymous_9)
FN:394,(anonymous_10)
FN:412,(anonymous_11)
FN:429,(anonymous_12)
FN:432,(anonymous_13)
FN:450,(anonymous_14)
FN:457,(anonymous_15)
FN:458,(anonymous_16)
FN:464,(anonymous_17)
FN:471,(anonymous_18)
FN:478,(anonymous_19)
FN:485,(anonymous_20)
FN:492,(anonymous_21)
FN:524,(anonymous_22)
FNF:23
FNH:13
FNDA:1,(anonymous_0)
FNDA:1,(anonymous_1)
FNDA:1,(anonymous_2)
FNDA:1,(anonymous_3)
FNDA:1,(anonymous_4)
FNDA:1,(anonymous_5)
FNDA:1,(anonymous_6)
FNDA:1,(anonymous_7)
FNDA:1,(anonymous_8)
FNDA:0,(anonymous_9)
FNDA:1,(anonymous_10)
FNDA:1,(anonymous_11)
FNDA:7,(anonymous_12)
FNDA:11,(anonymous_13)
FNDA:0,(anonymous_14)
FNDA:0,(anonymous_15)
FNDA:0,(anonymous_16)
FNDA:0,(anonymous_17)
FNDA:0,(anonymous_18)
FNDA:0,(anonymous_19)
FNDA:0,(anonymous_20)
FNDA:0,(anonymous_21)
FNDA:0,(anonymous_22)
DA:1,1
DA:2,1
DA:10,1
DA:11,1
DA:12,1
DA:19,1
DA:150,1
DA:157,1
DA:251,1
DA:252,1
DA:259,1
DA:261,1
DA:262,0
DA:266,1
DA:268,0
DA:269,0
DA:271,0
DA:272,0
DA:274,0
DA:275,0
DA:278,1
DA:285,1
DA:287,0
DA:289,0
DA:291,1
DA:299,1
DA:300,0
DA:303,1
DA:305,0
DA:307,0
DA:309,1
DA:311,0
DA:319,1
DA:320,0
DA:323,1
DA:325,0
DA:327,0
DA:329,0
DA:331,1
DA:339,1
DA:340,0
DA:343,1
DA:345,0
DA:347,0
DA:349,1
DA:357,1
DA:372,1
DA:373,1
DA:375,1
DA:376,0
DA:377,0
DA:381,1
DA:382,0
DA:383,0
DA:387,1
DA:388,1
DA:396,1
DA:397,0
DA:401,1
DA:402,0
DA:403,0
DA:404,0
DA:413,1
DA:415,1
DA:416,0
DA:420,1
DA:421,1
DA:422,0
DA:430,7
DA:432,7
DA:433,11
DA:434,6
DA:435,6
DA:437,0
DA:440,5
DA:444,7
DA:451,0
DA:458,0
DA:465,0
DA:472,0
DA:479,0
DA:486,0
DA:493,0
DA:496,0
DA:497,0
DA:499,0
DA:500,0
DA:501,0
DA:504,0
DA:525,0
DA:527,0
DA:529,0
DA:531,0
DA:533,0
DA:535,0
DA:540,1
LF:96
LH:46
BRDA:10,0,0,1
BRDA:10,0,1,0
BRDA:23,1,0,1
BRDA:23,1,1,0
BRDA:24,2,0,1
BRDA:24,2,1,1
BRDA:26,3,0,1
BRDA:26,3,1,1
BRDA:29,4,0,1
BRDA:29,4,1,0
BRDA:42,5,0,1
BRDA:42,5,1,1
BRDA:45,6,0,1
BRDA:45,6,1,1
BRDA:46,7,0,1
BRDA:46,7,1,1
BRDA:64,8,0,1
BRDA:64,8,1,1
BRDA:68,9,0,1
BRDA:68,9,1,1
BRDA:72,10,0,1
BRDA:72,10,1,1
BRDA:76,11,0,1
BRDA:76,11,1,1
BRDA:77,12,0,1
BRDA:77,12,1,1
BRDA:88,13,0,1
BRDA:88,13,1,1
BRDA:102,14,0,1
BRDA:102,14,1,1
BRDA:102,15,0,1
BRDA:102,15,1,1
BRDA:109,16,0,1
BRDA:109,16,1,1
BRDA:115,17,0,1
BRDA:115,17,1,1
BRDA:116,18,0,1
BRDA:116,18,1,1
BRDA:117,19,0,1
BRDA:117,19,1,1
BRDA:120,20,0,1
BRDA:120,20,1,1
BRDA:121,21,0,1
BRDA:121,21,1,1
BRDA:122,22,0,1
BRDA:122,22,1,1
BRDA:131,23,0,1
BRDA:131,23,1,1
BRDA:134,24,0,1
BRDA:134,24,1,1
BRDA:139,25,0,1
BRDA:139,25,1,1
BRDA:143,26,0,1
BRDA:143,26,1,1
BRDA:144,27,0,1
BRDA:144,27,1,1
BRDA:145,28,0,1
BRDA:145,28,1,1
BRDA:160,29,0,1
BRDA:160,29,1,0
BRDA:181,30,0,1
BRDA:181,30,1,0
BRDA:184,31,0,1
BRDA:184,31,1,1
BRDA:206,32,0,1
BRDA:206,32,1,1
BRDA:225,33,0,1
BRDA:225,33,1,1
BRDA:226,34,0,1
BRDA:226,34,1,1
BRDA:232,35,0,1
BRDA:232,35,1,0
BRDA:251,36,0,1
BRDA:251,36,1,0
BRDA:261,37,0,0
BRDA:261,37,1,1
BRDA:266,38,0,0
BRDA:266,38,1,0
BRDA:266,38,2,0
BRDA:271,39,0,0
BRDA:271,39,1,0
BRDA:274,40,0,0
BRDA:274,40,1,0
BRDA:285,41,0,0
BRDA:285,41,1,0
BRDA:285,41,2,1
BRDA:299,42,0,0
BRDA:299,42,1,1
BRDA:303,43,0,0
BRDA:303,43,1,0
BRDA:303,43,2,1
BRDA:303,43,3,0
BRDA:319,44,0,0
BRDA:319,44,1,1
BRDA:323,45,0,0
BRDA:323,45,1,0
BRDA:323,45,2,0
BRDA:323,45,3,1
BRDA:339,46,0,0
BRDA:339,46,1,1
BRDA:343,47,0,0
BRDA:343,47,1,0
BRDA:343,47,2,1
BRDA:372,48,0,1
BRDA:372,48,1,1
BRDA:376,49,0,0
BRDA:376,49,1,0
BRDA:381,50,0,0
BRDA:381,50,1,1
BRDA:396,51,0,0
BRDA:396,51,1,1
BRDA:396,52,0,1
BRDA:396,52,1,1
BRDA:401,53,0,0
BRDA:401,53,1,1
BRDA:403,54,0,0
BRDA:403,54,1,0
BRDA:403,55,0,0
BRDA:403,55,1,0
BRDA:415,56,0,0
BRDA:415,56,1,1
BRDA:415,57,0,1
BRDA:415,57,1,0
BRDA:421,58,0,0
BRDA:421,58,1,1
BRDA:421,59,0,1
BRDA:421,59,1,0
BRDA:433,60,0,6
BRDA:433,60,1,5
BRDA:433,61,0,11
BRDA:433,61,1,8
BRDA:433,61,2,6
BRDA:434,62,0,6
BRDA:434,62,1,0
BRDA:458,63,0,0
BRDA:458,63,1,0
BRDA:496,64,0,0
BRDA:496,64,1,0
BRDA:497,65,0,0
BRDA:497,65,1,0
BRDA:499,66,0,0
BRDA:499,66,1,0
BRDA:500,67,0,0
BRDA:500,67,1,0
BRDA:501,68,0,0
BRDA:501,68,1,0
BRDA:527,69,0,0
BRDA:527,69,1,0
BRDA:527,69,2,0
BRDA:527,69,3,0
BRDA:531,70,0,0
BRDA:531,70,1,0
BRDA:533,71,0,0
BRDA:533,71,1,0
BRF:154
BRH:92
end_of_record
TN:
SF:src/services/email.service.js
FN:10,(anonymous_0)
FN:22,(anonymous_1)
FN:57,(anonymous_2)
FN:77,(anonymous_3)
FN:99,(anonymous_4)
FN:124,(anonymous_5)
FN:172,(anonymous_6)
FN:354,(anonymous_7)
FN:417,(anonymous_8)
FN:424,(anonymous_9)
FN:429,(anonymous_10)
FN:433,(anonymous_11)
FN:436,(anonymous_12)
FN:452,(anonymous_13)
FN:466,(anonymous_14)
FN:478,(anonymous_15)
FN:497,(anonymous_16)
FN:515,(anonymous_17)
FN:529,(anonymous_18)
FN:546,(anonymous_19)
FN:581,(anonymous_20)
FNF:21
FNH:0
FNDA:0,(anonymous_0)
FNDA:0,(anonymous_1)
FNDA:0,(anonymous_2)
FNDA:0,(anonymous_3)
FNDA:0,(anonymous_4)
FNDA:0,(anonymous_5)
FNDA:0,(anonymous_6)
FNDA:0,(anonymous_7)
FNDA:0,(anonymous_8)
FNDA:0,(anonymous_9)
FNDA:0,(anonymous_10)
FNDA:0,(anonymous_11)
FNDA:0,(anonymous_12)
FNDA:0,(anonymous_13)
FNDA:0,(anonymous_14)
FNDA:0,(anonymous_15)
FNDA:0,(anonymous_16)
FNDA:0,(anonymous_17)
FNDA:0,(anonymous_18)
FNDA:0,(anonymous_19)
FNDA:0,(anonymous_20)
DA:1,0
DA:2,0
DA:3,0
DA:11,0
DA:12,0
DA:13,0
DA:14,0
DA:16,0
DA:23,0
DA:24,0
DA:26,0
DA:28,0
DA:29,0
DA:32,0
DA:33,0
DA:35,0
DA:36,0
DA:38,0
DA:39,0
DA:43,0
DA:45,0
DA:46,0
DA:49,0
DA:50,0
DA:58,0
DA:59,0
DA:62,0
DA:70,0
DA:71,0
DA:78,0
DA:79,0
DA:82,0
DA:92,0
DA:93,0
DA:100,0
DA:101,0
DA:103,0
DA:104,0
DA:105,0
DA:106,0
DA:109,0
DA:117,0
DA:118,0
DA:125,0
DA:126,0
DA:129,0
DA:130,0
DA:132,0
DA:133,0
DA:136,0
DA:145,0
DA:146,0
DA:147,0
DA:148,0
DA:149,0
DA:150,0
DA:151,0
DA:154,0
DA:155,0
DA:156,0
DA:157,0
DA:158,0
DA:162,0
DA:165,0
DA:173,0
DA:175,0
DA:177,0
DA:221,0
DA:224,0
DA:281,0
DA:284,0
DA:325,0
DA:328,0
DA:348,0
DA:355,0
DA:356,0
DA:357,0
DA:358,0
DA:367,0
DA:369,0
DA:370,0
DA:374,0
DA:375,0
DA:377,0
DA:380,0
DA:389,0
DA:390,0
DA:391,0
DA:394,0
DA:395,0
DA:398,0
DA:405,0
DA:406,0
DA:418,0
DA:419,0
DA:420,0
DA:424,0
DA:425,0
DA:429,0
DA:430,0
DA:431,0
DA:433,0
DA:434,0
DA:435,0
DA:436,0
DA:437,0
DA:440,0
DA:442,0
DA:446,0
DA:453,0
DA:467,0
DA:479,0
DA:498,0
DA:516,0
DA:530,0
DA:547,0
DA:548,0
DA:562,0
DA:570,0
DA:582,0
DA:591,0
LF:121
LH:0
BRDA:24,0,0,0
BRDA:24,0,1,0
BRDA:26,1,0,0
BRDA:26,1,1,0
BRDA:26,1,2,0
BRDA:26,1,3,0
BRDA:26,1,4,0
BRDA:58,2,0,0
BRDA:58,2,1,0
BRDA:78,3,0,0
BRDA:78,3,1,0
BRDA:78,4,0,0
BRDA:78,4,1,0
BRDA:87,5,0,0
BRDA:87,5,1,0
BRDA:103,6,0,0
BRDA:103,6,1,0
BRDA:103,7,0,0
BRDA:103,7,1,0
BRDA:175,8,0,0
BRDA:175,8,1,0
BRDA:175,8,2,0
BRDA:175,8,3,0
BRDA:356,9,0,0
BRDA:356,9,1,0
BRDA:365,10,0,0
BRDA:366,11,0,0
BRDA:366,12,0,0
BRDA:366,12,1,0
BRDA:369,13,0,0
BRDA:369,13,1,0
BRDA:369,14,0,0
BRDA:369,14,1,0
BRDA:374,15,0,0
BRDA:374,15,1,0
BRDA:374,16,0,0
BRDA:374,16,1,0
BRDA:377,17,0,0
BRDA:377,17,1,0
BRDA:377,18,0,0
BRDA:377,18,1,0
BRDA:385,19,0,0
BRDA:385,19,1,0
BRDA:389,20,0,0
BRDA:389,20,1,0
BRDA:419,21,0,0
BRDA:419,21,1,0
BRDA:425,22,0,0
BRDA:425,22,1,0
BRDA:431,23,0,0
BRDA:431,23,1,0
BRDA:435,24,0,0
BRDA:435,24,1,0
BRDA:473,25,0,0
BRDA:473,25,1,0
BRDA:490,26,0,0
BRDA:490,26,1,0
BRDA:491,27,0,0
BRDA:491,27,1,0
BRDA:492,28,0,0
BRDA:492,28,1,0
BRF:61
BRH:0
end_of_record
TN:
SF:src/services/firebase.service.js
FN:5,(anonymous_0)
FN:11,(anonymous_1)
FN:20,(anonymous_2)
FN:63,(anonymous_3)
FN:111,(anonymous_4)
FN:134,(anonymous_5)
FN:152,(anonymous_6)
FN:201,(anonymous_7)
FN:219,(anonymous_8)
FN:237,(anonymous_9)
FN:266,(anonymous_10)
FN:274,(anonymous_11)
FN:289,(anonymous_12)
FN:294,(anonymous_13)
FN:306,(anonymous_14)
FN:371,(anonymous_15)
FN:383,(anonymous_16)
FNF:17
FNH:0
FNDA:0,(anonymous_0)
FNDA:0,(anonymous_1)
FNDA:0,(anonymous_2)
FNDA:0,(anonymous_3)
FNDA:0,(anonymous_4)
FNDA:0,(anonymous_5)
FNDA:0,(anonymous_6)
FNDA:0,(anonymous_7)
FNDA:0,(anonymous_8)
FNDA:0,(anonymous_9)
FNDA:0,(anonymous_10)
FNDA:0,(anonymous_11)
FNDA:0,(anonymous_12)
FNDA:0,(anonymous_13)
FNDA:0,(anonymous_14)
FNDA:0,(anonymous_15)
FNDA:0,(anonymous_16)
DA:1,0
DA:2,0
DA:6,0
DA:7,0
DA:8,0
DA:12,0
DA:14,0
DA:20,0
DA:22,0
DA:23,0
DA:24,0
DA:25,0
DA:26,0
DA:29,0
DA:43,0
DA:44,0
DA:49,0
DA:52,0
DA:53,0
DA:55,0
DA:56,0
DA:64,0
DA:65,0
DA:66,0
DA:69,0
DA:70,0
DA:71,0
DA:74,0
DA:106,0
DA:109,0
DA:110,0
DA:111,0
DA:112,0
DA:113,0
DA:117,0
DA:118,0
DA:122,0
DA:123,0
DA:126,0
DA:127,0
DA:135,0
DA:137,0
DA:138,0
DA:139,0
DA:140,0
DA:142,0
DA:146,0
DA:153,0
DA:154,0
DA:155,0
DA:158,0
DA:188,0
DA:189,0
DA:190,0
DA:193,0
DA:194,0
DA:202,0
DA:203,0
DA:204,0
DA:207,0
DA:208,0
DA:209,0
DA:211,0
DA:212,0
DA:220,0
DA:221,0
DA:222,0
DA:225,0
DA:226,0
DA:227,0
DA:229,0
DA:230,0
DA:238,0
DA:239,0
DA:240,0
DA:241,0
DA:245,0
DA:246,0
DA:250,0
DA:251,0
DA:252,0
DA:253,0
DA:256,0
DA:258,0
DA:259,0
DA:267,0
DA:268,0
DA:269,0
DA:270,0
DA:273,0
DA:274,0
DA:275,0
DA:276,0
DA:279,0
DA:281,0
DA:282,0
DA:290,0
DA:291,0
DA:292,0
DA:294,0
DA:295,0
DA:297,0
DA:299,0
DA:307,0
DA:308,0
DA:313,0
DA:314,0
DA:316,0
DA:317,0
DA:318,0
DA:321,0
DA:322,0
DA:334,0
DA:335,0
DA:347,0
DA:348,0
DA:361,0
DA:362,0
DA:363,0
DA:364,0
DA:365,0
DA:367,0
DA:371,0
DA:372,0
DA:375,0
DA:376,0
DA:384,0
DA:393,0
LF:128
LH:0
BRDA:22,0,0,0
BRDA:22,0,1,0
BRDA:43,1,0,0
BRDA:43,1,1,0
BRDA:65,2,0,0
BRDA:65,2,1,0
BRDA:70,3,0,0
BRDA:70,3,1,0
BRDA:70,4,0,0
BRDA:70,4,1,0
BRDA:70,4,2,0
BRDA:76,5,0,0
BRDA:76,5,1,0
BRDA:109,6,0,0
BRDA:109,6,1,0
BRDA:112,7,0,0
BRDA:112,7,1,0
BRDA:117,8,0,0
BRDA:117,8,1,0
BRDA:154,9,0,0
BRDA:154,9,1,0
BRDA:160,10,0,0
BRDA:160,10,1,0
BRDA:203,11,0,0
BRDA:203,11,1,0
BRDA:221,12,0,0
BRDA:221,12,1,0
BRDA:240,13,0,0
BRDA:240,13,1,0
BRDA:245,14,0,0
BRDA:245,14,1,0
BRDA:250,15,0,0
BRDA:250,15,1,0
BRDA:269,16,0,0
BRDA:269,16,1,0
BRDA:273,17,0,0
BRDA:273,17,1,0
BRDA:279,18,0,0
BRDA:279,18,1,0
BRDA:292,19,0,0
BRDA:292,19,1,0
BRDA:292,20,0,0
BRDA:292,20,1,0
BRDA:318,21,0,0
BRDA:318,21,1,0
BRDA:321,22,0,0
BRDA:321,22,1,0
BRDA:321,23,0,0
BRDA:321,23,1,0
BRDA:321,23,2,0
BRDA:321,23,3,0
BRDA:334,24,0,0
BRDA:334,24,1,0
BRDA:334,25,0,0
BRDA:334,25,1,0
BRDA:347,26,0,0
BRDA:347,26,1,0
BRDA:347,27,0,0
BRDA:347,27,1,0
BRDA:386,28,0,0
BRDA:386,28,1,0
BRDA:387,29,0,0
BRDA:387,29,1,0
BRF:63
BRH:0
end_of_record
TN:
SF:src/services/food-recognition.service.js
FN:13,(anonymous_0)
FN:23,(anonymous_1)
FN:45,(anonymous_2)
FN:62,(anonymous_3)
FN:76,(anonymous_4)
FN:179,(anonymous_5)
FN:196,(anonymous_6)
FN:215,(anonymous_7)
FN:232,(anonymous_8)
FN:262,(anonymous_9)
FN:289,(anonymous_10)
[...]
BRDA:176,12,1,0
BRDA:176,13,0,0
BRDA:176,13,1,0
BRDA:198,14,0,0
BRDA:198,14,1,0
BRDA:217,15,0,0
BRDA:217,15,1,0
BRDA:228,16,0,0
BRDA:228,16,1,0
BRDA:242,17,0,0
BRDA:242,17,1,0
BRDA:285,18,0,0
BRDA:285,18,1,0
BRDA:286,19,0,0
BRDA:286,19,1,0
BRDA:303,20,0,0
BRDA:303,20,1,0
BRDA:337,21,0,0
BRDA:337,21,1,0
BRDA:337,21,2,0
BRDA:337,21,3,0
BRDA:337,22,0,0
BRDA:337,22,1,0
BRDA:371,23,0,0
BRDA:371,23,1,0
BRDA:374,24,0,0
BRDA:374,24,1,0
BRDA:377,25,0,0
BRDA:377,25,1,0
BRDA:396,26,0,0
BRDA:396,26,1,0
BRDA:397,27,0,0
BRDA:397,27,1,0
BRDA:403,28,0,0
BRDA:403,28,1,0
BRDA:403,28,2,0
BRDA:410,29,0,0
BRDA:410,29,1,0
BRDA:411,30,0,0
BRDA:411,30,1,0
BRDA:412,31,0,0
BRDA:412,31,1,0
BRDA:422,32,0,0
BRDA:422,32,1,0
BRDA:431,33,0,0
BRDA:431,33,1,0
BRDA:439,34,0,0
BRDA:439,34,1,0
BRDA:465,35,0,0
BRDA:465,35,1,0
BRF:73
BRH:0
end_of_record
TN:
SF:src/services/logger.service.js
FN:12,(anonymous_0)
FN:16,(anonymous_1)
FN:31,(anonymous_2)
FN:77,(anonymous_3)
FN:81,(anonymous_4)
FN:85,(anonymous_5)
FN:89,(anonymous_6)
FN:93,(anonymous_7)
FN:98,(anonymous_8)
FN:108,(anonymous_9)
FN:118,(anonymous_10)
FN:128,(anonymous_11)
FN:142,(anonymous_12)
FN:153,(anonymous_13)
FN:164,(anonymous_14)
FN:177,(anonymous_15)
FN:190,(anonymous_16)
FN:208,(anonymous_17)
FN:219,(anonymous_18)
FN:230,(anonymous_19)
FN:240,(anonymous_20)
FNF:21
FNH:0
FNDA:0,(anonymous_0)
FNDA:0,(anonymous_1)
FNDA:0,(anonymous_2)
FNDA:0,(anonymous_3)
FNDA:0,(anonymous_4)
FNDA:0,(anonymous_5)
FNDA:0,(anonymous_6)
FNDA:0,(anonymous_7)
FNDA:0,(anonymous_8)
FNDA:0,(anonymous_9)
FNDA:0,(anonymous_10)
FNDA:0,(anonymous_11)
FNDA:0,(anonymous_12)
FNDA:0,(anonymous_13)
FNDA:0,(anonymous_14)
FNDA:0,(anonymous_15)
FNDA:0,(anonymous_16)
FNDA:0,(anonymous_17)
FNDA:0,(anonymous_18)
FNDA:0,(anonymous_19)
FNDA:0,(anonymous_20)
DA:1,0
DA:2,0
DA:3,0
DA:5,0
DA:7,0
DA:8,0
DA:13,0
DA:17,0
DA:26,0
DA:32,0
DA:33,0
DA:34,0
DA:36,0
DA:40,0
DA:69,0
DA:70,0
DA:78,0
DA:82,0
DA:86,0
DA:90,0
DA:94,0
DA:99,0
DA:109,0
DA:119,0
DA:129,0
DA:143,0
DA:154,0
DA:165,0
DA:166,0
DA:178,0
DA:179,0
DA:191,0
DA:209,0
DA:210,0
DA:220,0
DA:231,0
DA:241,0
DA:247,0
DA:249,0
LF:39
LH:0
BRDA:7,0,0,0
BRDA:7,0,1,0
BRDA:33,1,0,0
BRDA:33,1,1,0
BRDA:41,2,0,0
BRDA:41,2,1,0
BRDA:69,3,0,0
BRDA:69,3,1,0
BRDA:77,4,0,0
BRDA:81,5,0,0
BRDA:85,6,0,0
BRDA:89,7,0,0
BRDA:93,8,0,0
BRDA:98,9,0,0
BRDA:108,10,0,0
BRDA:133,11,0,0
BRDA:133,11,1,0
BRDA:134,12,0,0
BRDA:134,12,1,0
BRDA:135,13,0,0
BRDA:135,13,1,0
BRDA:153,14,0,0
BRDA:164,15,0,0
BRDA:165,16,0,0
BRDA:165,16,1,0
BRDA:172,17,0,0
BRDA:172,17,1,0
BRDA:177,18,0,0
BRDA:177,19,0,0
BRDA:178,20,0,0
BRDA:178,20,1,0
BRDA:185,21,0,0
BRDA:185,21,1,0
BRDA:190,22,0,0
BRDA:197,23,0,0
BRDA:197,23,1,0
BRDA:208,24,0,0
BRDA:209,25,0,0
BRDA:209,25,1,0
BRDA:219,26,0,0
BRF:40
BRH:0
end_of_record
TN:
SF:src/services/notification.service.js
FN:5,(anonymous_0)
FN:12,(anonymous_1)
FN:51,(anonymous_2)
FN:159,(anonymous_3)
FN:177,(anonymous_4)
FN:194,(anonymous_5)
FN:196,(anonymous_6)
FN:208,(anonymous_7)
FN:209,(anonymous_8)
FN:227,(anonymous_9)
FN:280,(anonymous_10)
FN:288,(anonymous_11)
FN:319,(anonymous_12)
FN:340,(anonymous_13)
FN:348,(anonymous_14)
FN:364,(anonymous_15)
FN:376,(anonymous_16)
FN:377,(anonymous_17)
FN:407,(anonymous_18)
FN:419,(anonymous_19)
FN:420,(anonymous_20)
FN:427,(anonymous_21)
FN:444,(anonymous_22)
FN:454,(anonymous_23)
FN:456,(anonymous_24)
FN:477,(anonymous_25)
FN:494,(anonymous_26)
FN:510,(anonymous_27)
FN:523,(anonymous_28)
FN:524,(anonymous_29)
FN:528,(anonymous_30)
FN:558,(anonymous_31)
FN:566,(anonymous_32)
FN:579,(anonymous_33)
FNF:34
FNH:0
FNDA:0,(anonymous_0)
FNDA:0,(anonymous_1)
FNDA:0,(anonymous_2)
FNDA:0,(anonymous_3)
FNDA:0,(anonymous_4)
FNDA:0,(anonymous_5)
FNDA:0,(anonymous_6)
FNDA:0,(anonymous_7)
FNDA:0,(anonymous_8)
FNDA:0,(anonymous_9)
FNDA:0,(anonymous_10)
FNDA:0,(anonymous_11)
FNDA:0,(anonymous_12)
FNDA:0,(anonymous_13)
FNDA:0,(anonymous_14)
FNDA:0,(anonymous_15)
FNDA:0,(anonymous_16)
FNDA:0,(anonymous_17)
FNDA:0,(anonymous_18)
FNDA:0,(anonymous_19)
FNDA:0,(anonymous_20)
FNDA:0,(anonymous_21)
FNDA:0,(anonymous_22)
FNDA:0,(anonymous_23)
FNDA:0,(anonymous_24)
FNDA:0,(anonymous_25)
FNDA:0,(anonymous_26)
FNDA:0,(anonymous_27)
FNDA:0,(anonymous_28)
FNDA:0,(anonymous_29)
FNDA:0,(anonymous_30)
FNDA:0,(anonymous_31)
FNDA:0,(anonymous_32)
FNDA:0,(anonymous_33)
DA:1,0
DA:2,0
DA:6,0
DA:7,0
DA:8,0
DA:9,0
DA:13,0
DA:15,0
DA:29,0
DA:30,0
DA:31,0
DA:32,0
DA:36,0
DA:41,0
DA:42,0
DA:44,0
DA:46,0
DA:47,0
DA:52,0
DA:53,0
DA:54,0
DA:58,0
DA:59,0
DA:60,0
DA:61,0
DA:64,0
DA:108,0
DA:111,0
DA:112,0
DA:114,0
DA:115,0
DA:120,0
DA:127,0
DA:128,0
DA:131,0
DA:133,0
DA:140,0
DA:141,0
DA:142,0
DA:144,0
DA:145,0
DA:146,0
DA:147,0
DA:154,0
DA:157,0
DA:159,0
DA:161,0
DA:163,0
DA:172,0
DA:173,0
DA:178,0
DA:179,0
DA:180,0
DA:183,0
DA:184,0
DA:187,0
DA:188,0
DA:191,0
DA:192,0
DA:194,0
DA:195,0
DA:196,0
DA:199,0
DA:200,0
DA:203,0
DA:204,0
DA:208,0
DA:209,0
DA:211,0
DA:213,0
DA:222,0
DA:223,0
DA:228,0
DA:229,0
DA:230,0
DA:233,0
DA:263,0
DA:265,0
DA:267,0
DA:275,0
DA:276,0
DA:281,0
DA:282,0
DA:283,0
DA:284,0
DA:288,0
DA:290,0
DA:292,0
DA:304,0
DA:316,0
DA:318,0
DA:319,0
DA:323,0
DA:325,0
DA:327,0
DA:335,0
DA:336,0
DA:341,0
DA:342,0
DA:343,0
DA:344,0
DA:347,0
DA:348,0
DA:350,0
DA:351,0
DA:352,0
DA:353,0
DA:355,0
DA:359,0
DA:360,0
DA:365,0
DA:366,0
DA:367,0
DA:370,0
DA:371,0
DA:372,0
DA:375,0
DA:376,0
DA:377,0
DA:379,0
DA:380,0
DA:383,0
DA:386,0
DA:387,0
DA:388,0
DA:391,0
DA:393,0
DA:402,0
DA:403,0
DA:408,0
DA:409,0
DA:410,0
DA:413,0
DA:414,0
DA:415,0
DA:418,0
DA:419,0
DA:420,0
DA:422,0
DA:423,0
DA:427,0
DA:428,0
DA:430,0
DA:432,0
DA:439,0
DA:440,0
DA:445,0
DA:446,0
DA:447,0
DA:449,0
DA:454,0
DA:456,0
DA:461,0
DA:462,0
DA:465,0
DA:466,0
DA:467,0
DA:470,0
DA:472,0
DA:478,0
DA:485,0
DA:495,0
DA:501,0
DA:511,0
DA:512,0
DA:514,0
DA:524,0
DA:529,0
DA:560,0
DA:562,0
DA:563,0
DA:566,0
DA:567,0
DA:570,0
DA:580,0
DA:596,0
DA:598,0
LF:177
LH:0
BRDA:16,0,0,0
BRDA:16,0,1,0
BRDA:22,1,0,0
BRDA:22,1,1,0
BRDA:23,2,0,0
BRDA:23,2,1,0
BRDA:29,3,0,0
BRDA:29,3,1,0
BRDA:29,4,0,0
BRDA:29,4,1,0
BRDA:29,4,2,0
BRDA:51,5,0,0
BRDA:53,6,0,0
BRDA:53,6,1,0
BRDA:59,7,0,0
BRDA:59,7,1,0
BRDA:59,8,0,0
BRDA:59,8,1,0
BRDA:59,8,2,0
BRDA:71,9,0,0
BRDA:71,9,1,0
BRDA:81,10,0,0
BRDA:81,10,1,0
BRDA:83,11,0,0
BRDA:83,11,1,0
BRDA:89,12,0,0
BRDA:89,12,1,0
BRDA:90,13,0,0
BRDA:90,13,1,0
BRDA:96,14,0,0
BRDA:96,14,1,0
BRDA:103,15,0,0
BRDA:103,15,1,0
BRDA:112,16,0,0
BRDA:112,16,1,0
BRDA:128,17,0,0
BRDA:128,17,1,0
BRDA:140,18,0,0
BRDA:140,18,1,0
BRDA:144,19,0,0
BRDA:144,19,1,0
BRDA:145,20,0,0
BRDA:145,20,1,0
BRDA:177,21,0,0
BRDA:179,22,0,0
BRDA:179,22,1,0
BRDA:179,23,0,0
BRDA:179,23,1,0
BRDA:183,24,0,0
BRDA:183,24,1,0
BRDA:188,25,0,0
BRDA:188,25,1,0
BRDA:203,26,0,0
BRDA:203,26,1,0
BRDA:204,27,0,0
BRDA:204,27,1,0
BRDA:209,28,0,0
BRDA:209,28,1,0
BRDA:218,29,0,0
BRDA:218,29,1,0
BRDA:227,30,0,0
BRDA:229,31,0,0
BRDA:229,31,1,0
BRDA:241,32,0,0
BRDA:241,32,1,0
BRDA:280,33,0,0
BRDA:283,34,0,0
BRDA:283,34,1,0
BRDA:290,35,0,0
BRDA:290,35,1,0
BRDA:316,36,0,0
BRDA:316,36,1,0
BRDA:343,37,0,0
BRDA:343,37,1,0
BRDA:350,38,0,0
BRDA:350,38,1,0
BRDA:366,39,0,0
BRDA:366,39,1,0
BRDA:371,40,0,0
BRDA:371,40,1,0
BRDA:371,41,0,0
BRDA:371,41,1,0
BRDA:379,42,0,0
BRDA:379,42,1,0
BRDA:386,43,0,0
BRDA:386,43,1,0
BRDA:409,44,0,0
BRDA:409,44,1,0
BRDA:414,45,0,0
BRDA:414,45,1,0
BRDA:422,46,0,0
BRDA:422,46,1,0
BRDA:447,47,0,0
BRDA:447,47,1,0
BRDA:452,48,0,0
BRDA:452,48,1,0
BRDA:461,49,0,0
BRDA:461,49,1,0
BRDA:466,50,0,0
BRDA:466,50,1,0
BRDA:511,51,0,0
BRDA:511,51,1,0
BRDA:517,52,0,0
BRDA:517,52,1,0
BRDA:562,53,0,0
BRDA:562,53,1,0
BRDA:583,54,0,0
BRDA:583,54,1,0
BRF:108
BRH:0
end_of_record
TN:
SF:src/services/oauth.storage.js
FN:6,(anonymous_0)
FN:14,(anonymous_1)
FN:27,(anonymous_2)
FN:42,(anonymous_3)
FN:59,(anonymous_4)
FN:69,(anonymous_5)
FN:76,(anonymous_6)
FN:106,(anonymous_7)
FN:117,(anonymous_8)
FN:126,(anonymous_9)
FN:141,(anonymous_10)
FNF:11
FNH:0
FNDA:0,(anonymous_0)
FNDA:0,(anonymous_1)
FNDA:0,(anonymous_2)
FNDA:0,(anonymous_3)
FNDA:0,(anonymous_4)
FNDA:0,(anonymous_5)
FNDA:0,(anonymous_6)
FNDA:0,(anonymous_7)
FNDA:0,(anonymous_8)
FNDA:0,(anonymous_9)
FNDA:0,(anonymous_10)
DA:8,0
DA:11,0
DA:14,0
DA:15,0
DA:18,0
DA:28,0
DA:34,0
DA:43,0
DA:44,0
DA:45,0
DA:46,0
DA:47,0
DA:50,0
DA:51,0
DA:60,0
DA:61,0
DA:70,0
DA:77,0
DA:78,0
DA:80,0
DA:81,0
DA:84,0
DA:85,0
DA:86,0
DA:87,0
DA:92,0
DA:93,0
DA:94,0
DA:97,0
DA:98,0
DA:107,0
DA:118,0
DA:119,0
DA:120,0
DA:127,0
DA:128,0
DA:129,0
DA:131,0
DA:132,0
DA:137,0
DA:139,0
DA:142,0
DA:143,0
DA:145,0
LF:44
LH:0
BRDA:44,0,0,0
BRDA:44,0,1,0
BRDA:85,1,0,0
BRDA:85,1,1,0
BRDA:92,2,0,0
BRDA:92,2,1,0
BRDA:97,3,0,0
BRDA:97,3,1,0
BRDA:97,4,0,0
BRDA:97,4,1,0
BRDA:127,5,0,0
BRDA:127,5,1,0
BRDA:142,6,0,0
BRDA:142,6,1,0
BRF:14
BRH:0
end_of_record
TN:
SF:src/services/payment.service.js
FN:35,(anonymous_0)
FN:119,(anonymous_1)
FN:161,(anonymous_2)
FN:191,(anonymous_3)
FN:218,(anonymous_4)
FN:243,(anonymous_5)
FN:270,(anonymous_6)
FN:297,(anonymous_7)
FN:309,(anonymous_8)
FN:328,(anonymous_9)
FNF:10
FNH:0
FNDA:0,(anonymous_0)
FNDA:0,(anonymous_1)
FNDA:0,(anonymous_2)
FNDA:0,(anonymous_3)
FNDA:0,(anonymous_4)
FNDA:0,(anonymous_5)
FNDA:0,(anonymous_6)
FNDA:0,(anonymous_7)
FNDA:0,(anonymous_8)
FNDA:0,(anonymous_9)
DA:1,0
DA:2,0
DA:3,0
DA:5,0
DA:7,0
DA:10,0
DA:18,0
DA:36,0
DA:37,0
DA:38,0
DA:41,0
DA:42,0
DA:45,0
DA:46,0
DA:49,0
DA:50,0
DA:51,0
DA:54,0
DA:55,0
DA:59,0
DA:60,0
DA:62,0
DA:71,0
DA:72,0
DA:76,0
DA:106,0
DA:113,0
DA:114,0
DA:120,0
DA:121,0
DA:123,0
DA:124,0
DA:127,0
DA:129,0
DA:131,0
DA:133,0
DA:134,0
DA:137,0
DA:138,0
DA:141,0
DA:142,0
DA:145,0
DA:146,0
DA:149,0
DA:152,0
DA:155,0
DA:156,0
DA:162,0
DA:163,0
DA:164,0
DA:166,0
DA:167,0
DA:168,0
DA:169,0
DA:173,0
DA:174,0
DA:175,0
DA:177,0
DA:179,0
DA:186,0
DA:192,0
DA:193,0
DA:194,0
DA:196,0
DA:197,0
DA:198,0
DA:201,0
DA:202,0
DA:204,0
DA:206,0
DA:213,0
DA:219,0
DA:220,0
DA:221,0
DA:223,0
DA:224,0
DA:225,0
DA:228,0
DA:229,0
DA:231,0
DA:238,0
DA:244,0
DA:245,0
DA:246,0
DA:248,0
DA:249,0
DA:250,0
DA:253,0
DA:254,0
DA:255,0
DA:257,0
DA:259,0
DA:265,0
DA:271,0
DA:272,0
DA:273,0
DA:274,0
DA:277,0
DA:279,0
DA:280,0
DA:281,0
DA:283,0
DA:285,0
DA:291,0
DA:292,0
DA:298,0
DA:299,0
DA:300,0
DA:301,0
DA:304,0
DA:309,0
DA:319,0
DA:322,0
DA:323,0
DA:329,0
DA:330,0
DA:331,0
DA:332,0
DA:335,0
DA:340,0
DA:345,0
DA:346,0
DA:351,0
LF:123
LH:0
BRDA:2,0,0,0
BRDA:2,0,1,0
BRDA:35,1,0,0
BRDA:37,2,0,0
BRDA:37,2,1,0
BRDA:41,3,0,0
BRDA:41,3,1,0
BRDA:45,4,0,0
BRDA:45,4,1,0
BRDA:50,5,0,0
BRDA:50,5,1,0
BRDA:59,6,0,0
BRDA:59,6,1,0
BRDA:64,7,0,0
BRDA:64,7,1,0
BRDA:64,8,0,0
BRDA:64,8,1,0
BRDA:85,9,0,0
BRDA:85,9,1,0
BRDA:91,10,0,0
BRDA:91,10,1,0
BRDA:123,11,0,0
BRDA:123,11,1,0
BRDA:131,12,0,0
BRDA:131,12,1,0
BRDA:131,12,2,0
BRDA:131,12,3,0
BRDA:131,12,4,0
BRDA:167,13,0,0
BRDA:167,13,1,0
BRDA:196,14,0,0
BRDA:196,14,1,0
BRDA:223,15,0,0
BRDA:223,15,1,0
BRDA:248,16,0,0
BRDA:248,16,1,0
BRDA:273,17,0,0
BRDA:273,17,1,0
BRDA:273,18,0,0
BRDA:273,18,1,0
BRDA:300,19,0,0
BRDA:300,19,1,0
BRDA:300,20,0,0
BRDA:300,20,1,0
BRDA:315,21,0,0
BRDA:315,21,1,0
BRDA:331,22,0,0
BRDA:331,22,1,0
BRDA:331,23,0,0
BRDA:331,23,1,0
BRF:50
BRH:0
end_of_record
TN:
SF:src/services/sentry.service.js
FN:15,(anonymous_0)
FN:27,(anonymous_1)
FN:65,(anonymous_2)
FN:126,(anonymous_3)
FN:128,(anonymous_4)
FN:136,(anonymous_5)
FN:138,(anonymous_6)
FN:141,(anonymous_7)
FN:151,(anonymous_8)
FN:153,(anonymous_9)
FN:161,(anonymous_10)
FN:167,(anonymous_11)
FN:178,(anonymous_12)
FN:184,(anonymous_13)
FN:200,(anonymous_14)
FN:206,(anonymous_15)
FN:212,(anonymous_16)
FN:225,(anonymous_17)
FN:240,(anonymous_18)
FN:257,(anonymous_19)
FN:273,(anonymous_20)
FN:284,(anonymous_21)
FN:295,(anonymous_22)
FN:312,(anonymous_23)
FN:335,(anonymous_24)
FN:353,(anonymous_25)
FN:372,(anonymous_26)
FN:391,(anonymous_27)
FN:407,(anonymous_28)
FNF:29
FNH:0
FNDA:0,(anonymous_0)
FNDA:0,(anonymous_1)
FNDA:0,(anonymous_2)
FNDA:0,(anonymous_3)
FNDA:0,(anonymous_4)
FNDA:0,(anonymous_5)
FNDA:0,(anonymous_6)
FNDA:0,(anonymous_7)
FNDA:0,(anonymous_8)
FNDA:0,(anonymous_9)
FNDA:0,(anonymous_10)
FNDA:0,(anonymous_11)
FNDA:0,(anonymous_12)
FNDA:0,(anonymous_13)
FNDA:0,(anonymous_14)
FNDA:0,(anonymous_15)
FNDA:0,(anonymous_16)
FNDA:0,(anonymous_17)
FNDA:0,(anonymous_18)
FNDA:0,(anonymous_19)
FNDA:0,(anonymous_20)
FNDA:0,(anonymous_21)
FNDA:0,(anonymous_22)
FNDA:0,(anonymous_23)
FNDA:0,(anonymous_24)
FNDA:0,(anonymous_25)
FNDA:0,(anonymous_26)
FNDA:0,(anonymous_27)
FNDA:0,(anonymous_28)
DA:1,0
DA:3,0
DA:4,0
DA:5,0
DA:7,0
DA:16,0
DA:17,0
DA:18,0
DA:19,0
DA:21,0
DA:28,0
DA:29,0
DA:30,0
DA:31,0
DA:34,0
DA:67,0
DA:69,0
DA:70,0
DA:71,0
DA:72,0
DA:76,0
DA:77,0
DA:82,0
DA:83,0
DA:84,0
DA:86,0
DA:88,0
DA:93,0
DA:106,0
DA:107,0
DA:108,0
DA:109,0
DA:112,0
DA:114,0
DA:117,0
DA:118,0
DA:119,0
DA:127,0
DA:128,0
DA:130,0
DA:137,0
DA:138,0
DA:140,0
DA:143,0
DA:152,0
DA:153,0
DA:155,0
DA:162,0
DA:163,0
DA:164,0
DA:167,0
DA:169,0
DA:170,0
DA:177,0
DA:178,0
DA:179,0
DA:183,0
DA:184,0
DA:185,0
DA:189,0
DA:190,0
DA:193,0
DA:201,0
DA:202,0
DA:203,0
DA:206,0
DA:207,0
DA:208,0
DA:211,0
DA:212,0
DA:213,0
DA:217,0
DA:218,0
DA:226,0
DA:227,0
DA:230,0
DA:241,0
DA:242,0
DA:245,0
DA:258,0
DA:259,0
DA:262,0
DA:274,0
DA:275,0
DA:278,0
DA:285,0
DA:286,0
DA:289,0
DA:296,0
DA:297,0
DA:300,0
DA:301,0
DA:302,0
DA:304,0
DA:305,0
DA:313,0
DA:314,0
DA:317,0
DA:318,0
DA:319,0
DA:320,0
DA:321,0
DA:323,0
DA:324,0
DA:336,0
DA:354,0
DA:373,0
DA:392,0
DA:393,0
DA:396,0
DA:408,0
DA:418,0
LF:112
LH:0
BRDA:18,0,0,0
BRDA:18,0,1,0
BRDA:19,1,0,0
BRDA:19,1,1,0
BRDA:29,2,0,0
BRDA:29,2,1,0
BRDA:40,3,0,0
BRDA:40,3,1,0
BRDA:41,4,0,0
BRDA:41,4,1,0
BRDA:46,5,0,0
BRDA:46,5,1,0
BRDA:67,6,0,0
BRDA:67,6,1,0
BRDA:69,7,0,0
BRDA:69,7,1,0
BRDA:69,8,0,0
BRDA:69,8,1,0
BRDA:76,9,0,0
BRDA:76,9,1,0
BRDA:76,10,0,0
BRDA:76,10,1,0
BRDA:82,11,0,0
BRDA:82,11,1,0
BRDA:84,12,0,0
BRDA:84,12,1,0
BRDA:84,13,0,0
BRDA:84,13,1,0
BRDA:86,14,0,0
BRDA:86,14,1,0
BRDA:86,15,0,0
BRDA:86,15,1,0
BRDA:127,16,0,0
BRDA:127,16,1,0
BRDA:137,17,0,0
BRDA:137,17,1,0
BRDA:152,18,0,0
BRDA:152,18,1,0
BRDA:161,19,0,0
BRDA:162,20,0,0
BRDA:162,20,1,0
BRDA:169,21,0,0
BRDA:169,21,1,0
BRDA:177,22,0,0
BRDA:177,22,1,0
BRDA:183,23,0,0
BRDA:183,23,1,0
BRDA:189,24,0,0
BRDA:189,24,1,0
BRDA:200,25,0,0
BRDA:200,26,0,0
BRDA:201,27,0,0
BRDA:201,27,1,0
BRDA:207,28,0,0
BRDA:207,28,1,0
BRDA:211,29,0,0
BRDA:211,29,1,0
BRDA:225,30,0,0
BRDA:226,31,0,0
BRDA:226,31,1,0
BRDA:240,32,0,0
BRDA:240,33,0,0
BRDA:240,34,0,0
BRDA:241,35,0,0
BRDA:241,35,1,0
BRDA:258,36,0,0
BRDA:258,36,1,0
BRDA:263,37,0,0
BRDA:263,37,1,0
BRDA:266,38,0,0
BRDA:266,38,1,0
BRDA:274,39,0,0
BRDA:274,39,1,0
BRDA:285,40,0,0
BRDA:285,40,1,0
BRDA:295,41,0,0
BRDA:296,42,0,0
BRDA:296,42,1,0
BRDA:312,43,0,0
BRDA:313,44,0,0
BRDA:313,44,1,0
BRDA:362,45,0,0
BRDA:362,45,1,0
BRDA:372,46,0,0
BRDA:391,47,0,0
BRDA:391,48,0,0
BRDA:392,49,0,0
BRDA:392,49,1,0
BRF:88
BRH:0
end_of_record
TN:
SF:src/services/spoonacular.service.js
FN:4,(anonymous_0)
FN:21,(anonymous_1)
FN:27,(anonymous_2)
FN:34,(anonymous_3)
FN:73,(anonymous_4)
FN:124,(anonymous_5)
FN:178,(anonymous_6)
FN:214,(anonymous_7)
FN:218,(anonymous_8)
FN:229,(anonymous_9)
FN:249,(anonymous_10)
FN:250,(anonymous_11)
FN:256,(anonymous_12)
FN:257,(anonymous_13)
FN:265,(anonymous_14)
FN:271,(anonymous_15)
FN:283,(anonymous_16)
FN:284,(anonymous_17)
FN:290,(anonymous_18)
FN:315,(anonymous_19)
FN:332,(anonymous_20)
FN:361,(anonymous_21)
FN:396,(anonymous_22)
FNF:23
FNH:0
FNDA:0,(anonymous_0)
FNDA:0,(anonymous_1)
FNDA:0,(anonymous_2)
FNDA:0,(anonymous_3)
FNDA:0,(anonymous_4)
FNDA:0,(anonymous_5)
FNDA:0,(anonymous_6)
FNDA:0,(anonymous_7)
FNDA:0,(anonymous_8)
FNDA:0,(anonymous_9)
FNDA:0,(anonymous_10)
FNDA:0,(anonymous_11)
FNDA:0,(anonymous_12)
FNDA:0,(anonymous_13)
FNDA:0,(anonymous_14)
FNDA:0,(anonymous_15)
FNDA:0,(anonymous_16)
FNDA:0,(anonymous_17)
FNDA:0,(anonymous_18)
FNDA:0,(anonymous_19)
FNDA:0,(anonymous_20)
FNDA:0,(anonymous_21)
FNDA:0,(anonymous_22)
DA:1,0
DA:5,0
DA:6,0
DA:7,0
DA:8,0
DA:10,0
DA:11,0
DA:12,0
DA:13,0
DA:15,0
DA:16,0
DA:22,0
DA:23,0
DA:25,0
DA:26,0
DA:27,0
DA:30,0
DA:35,0
DA:36,0
DA:39,0
DA:40,0
DA:43,0
DA:45,0
DA:46,0
DA:48,0
DA:62,0
DA:65,0
DA:68,0
DA:74,0
DA:75,0
DA:78,0
DA:79,0
DA:81,0
DA:94,0
DA:95,0
DA:98,0
DA:101,0
DA:113,0
DA:116,0
DA:119,0
DA:125,0
DA:126,0
DA:129,0
DA:130,0
DA:140,0
DA:142,0
DA:152,0
DA:153,0
DA:154,0
DA:155,0
DA:156,0
DA:157,0
DA:159,0
DA:167,0
DA:170,0
DA:173,0
DA:179,0
DA:180,0
DA:183,0
DA:184,0
DA:186,0
DA:192,0
DA:193,0
DA:195,0
DA:203,0
DA:206,0
DA:209,0
DA:215,0
DA:218,0
DA:230,0
DA:232,0
DA:250,0
DA:256,0
DA:257,0
DA:266,0
DA:271,0
DA:284,0
DA:285,0
DA:291,0
DA:312,0
DA:316,0
DA:333,0
DA:362,0
DA:397,0
DA:406,0
LF:85
LH:0
BRDA:10,0,0,0
BRDA:10,0,1,0
BRDA:10,1,0,0
BRDA:10,1,1,0
BRDA:25,2,0,0
BRDA:25,2,1,0
BRDA:35,3,0,0
BRDA:35,3,1,0
BRDA:65,4,0,0
BRDA:65,4,1,0
BRDA:73,5,0,0
BRDA:73,6,0,0
BRDA:74,7,0,0
BRDA:74,7,1,0
BRDA:94,8,0,0
BRDA:94,8,1,0
BRDA:116,9,0,0
BRDA:116,9,1,0
BRDA:124,10,0,0
BRDA:125,11,0,0
BRDA:125,11,1,0
BRDA:133,12,0,0
BRDA:134,13,0,0
BRDA:135,14,0,0
BRDA:136,15,0,0
BRDA:137,16,0,0
BRDA:138,17,0,0
BRDA:139,18,0,0
BRDA:152,19,0,0
BRDA:152,19,1,0
BRDA:153,20,0,0
BRDA:153,20,1,0
BRDA:154,21,0,0
BRDA:154,21,1,0
BRDA:155,22,0,0
BRDA:155,22,1,0
BRDA:156,23,0,0
BRDA:156,23,1,0
BRDA:157,24,0,0
BRDA:157,24,1,0
BRDA:170,25,0,0
BRDA:170,25,1,0
BRDA:178,26,0,0
BRDA:178,27,0,0
BRDA:178,28,0,0
BRDA:179,29,0,0
BRDA:179,29,1,0
BRDA:192,30,0,0
BRDA:192,30,1,0
BRDA:193,31,0,0
BRDA:193,31,1,0
BRDA:206,32,0,0
BRDA:206,32,1,0
BRDA:216,33,0,0
BRDA:216,33,1,0
BRDA:217,34,0,0
BRDA:217,34,1,0
BRDA:218,35,0,0
BRDA:218,35,1,0
BRDA:222,36,0,0
BRDA:222,36,1,0
BRDA:224,37,0,0
BRDA:224,37,1,0
BRDA:230,38,0,0
BRDA:230,38,1,0
BRDA:235,39,0,0
BRDA:235,39,1,0
BRDA:236,40,0,0
BRDA:236,40,1,0
BRDA:237,41,0,0
BRDA:237,41,1,0
BRDA:238,42,0,0
BRDA:238,42,1,0
BRDA:239,43,0,0
BRDA:239,43,1,0
BRDA:240,44,0,0
BRDA:240,44,1,0
BRDA:241,45,0,0
BRDA:241,45,1,0
BRDA:242,46,0,0
BRDA:242,46,1,0
BRDA:244,47,0,0
BRDA:244,47,1,0
BRDA:256,48,0,0
BRDA:256,48,1,0
BRDA:257,49,0,0
BRDA:257,49,1,0
BRDA:267,50,0,0
BRDA:267,50,1,0
BRDA:268,51,0,0
BRDA:268,51,1,0
BRDA:269,52,0,0
BRDA:269,52,1,0
BRDA:270,53,0,0
BRDA:270,53,1,0
BRDA:271,54,0,0
BRDA:271,54,1,0
BRF:97
BRH:0
end_of_record
TN:
SF:src/utils/pkce.util.js
FN:13,(anonymous_0)
FN:33,(anonymous_1)
FN:54,(anonymous_2)
FN:70,(anonymous_3)
FN:79,(anonymous_4)
FNF:5
FNH:3
FNDA:7,(anonymous_0)
FNDA:6,(anonymous_1)
FNDA:0,(anonymous_2)
FNDA:5,(anonymous_3)
FNDA:0,(anonymous_4)
DA:1,1
DA:14,7
DA:15,0
DA:19,7
DA:20,7
DA:34,6
DA:35,0
DA:39,6
DA:42,6
DA:55,0
DA:56,0
DA:58,0
DA:71,5
DA:80,0
DA:81,0
DA:85,0
DA:86,0
DA:90,0
DA:91,0
DA:95,1
LF:20
LH:9
BRDA:13,0,0,7
BRDA:14,1,0,0
BRDA:14,1,1,7
BRDA:14,2,0,7
BRDA:14,2,1,7
BRDA:34,3,0,0
BRDA:34,3,1,6
BRDA:34,4,0,6
BRDA:34,4,1,6
BRDA:54,5,0,0
BRDA:70,6,0,4
BRDA:80,7,0,0
BRDA:80,7,1,0
BRDA:80,8,0,0
BRDA:80,8,1,0
BRDA:85,9,0,0
BRDA:85,9,1,0
BRDA:85,10,0,0
BRDA:85,10,1,0
BRF:19
BRH:8
end_of_record
TN:
SF:src/utils/security.utils.js
FN:6,(anonymous_0)
FN:12,(anonymous_1)
FN:19,(anonymous_2)
FN:24,(anonymous_3)
FN:63,(anonymous_4)
FN:85,(anonymous_5)
FN:111,(anonymous_6)
FN:117,(anonymous_7)
FN:124,(anonymous_8)
FNF:9
FNH:5
FNDA:1,(anonymous_0)
FNDA:1,(anonymous_1)
FNDA:0,(anonymous_2)
FNDA:2,(anonymous_3)
FNDA:0,(anonymous_4)
FNDA:3,(anonymous_5)
FNDA:0,(anonymous_6)
FNDA:4,(anonymous_7)
FNDA:0,(anonymous_8)
DA:1,1
DA:2,1
DA:3,1
DA:7,1
DA:8,1
DA:13,1
DA:14,0
DA:20,0
DA:25,2
DA:28,2
DA:31,1
DA:35,1
DA:36,1
DA:37,1
DA:38,1
DA:39,1
DA:43,0
DA:47,0
DA:48,0
DA:50,0
DA:51,0
DA:52,0
DA:53,0
DA:54,0
DA:56,0
DA:59,0
DA:64,0
DA:65,0
DA:66,0
DA:68,0
DA:74,0
DA:75,0
DA:76,0
DA:77,0
DA:79,0
DA:80,0
DA:86,3
DA:87,0
DA:90,3
DA:91,2
DA:94,1
DA:96,0
DA:100,1
DA:101,1
DA:103,1
DA:104,1
DA:107,0
DA:112,0
DA:113,0
DA:118,4
DA:119,0
DA:120,0
DA:125,0
DA:126,0
DA:130,1
LF:55
LH:24
BRDA:13,0,0,0
BRDA:13,0,1,1
BRDA:28,1,0,1
BRDA:28,1,1,1
BRDA:28,2,0,2
BRDA:28,2,1,1
BRDA:28,2,2,1
BRDA:36,3,0,1
BRDA:36,3,1,0
BRDA:38,4,0,1
BRDA:38,4,1,0
BRDA:86,5,0,0
BRDA:86,5,1,3
BRDA:86,6,0,3
BRDA:86,6,1,3
BRDA:90,7,0,2
BRDA:90,7,1,1
BRDA:94,8,0,0
BRDA:94,8,1,1
BRDA:94,9,0,1
BRDA:94,9,1,1
BRDA:103,10,0,1
BRDA:103,10,1,0
BRDA:103,11,0,1
BRDA:103,11,1,0
BRDA:111,12,0,0
BRF:26
BRH:18
end_of_record
